#
# There is insufficient memory for the Java Runtime Environment to continue.
# Native memory allocation (malloc) failed to allocate 1632816 bytes. Error detail: Chunk::new
# Possible reasons:
#   The system is out of physical RAM or swap space
#   This process is running with CompressedOops enabled, and the Java Heap may be blocking the growth of the native heap
# Possible solutions:
#   Reduce memory load on the system
#   Increase physical memory or swap space
#   Check if swap backing store is full
#   Decrease Java heap size (-Xmx/-Xms)
#   Decrease number of Java threads
#   Decrease Java thread stack sizes (-Xss)
#   Set larger code cache with -XX:ReservedCodeCacheSize=
#   JVM is running with Unscaled Compressed Oops mode in which the Java heap is
#     placed in the first 4GB address space. The Java Heap base address is the
#     maximum limit for the native heap growth. Please use -XX:HeapBaseMinAddress
#     to set the Java Heap base and to place the Java Heap above 4GB virtual address.
# This output file may be truncated or incomplete.
#
#  Out of Memory Error (arena.cpp:168), pid=8808, tid=20772
#
# JRE version: OpenJDK Runtime Environment Temurin-21.0.8+9 (21.0.8+9) (build 21.0.8+9-LTS)
# Java VM: OpenJDK 64-Bit Server VM Temurin-21.0.8+9 (21.0.8+9-LTS, mixed mode, sharing, tiered, compressed oops, compressed class ptrs, parallel gc, windows-amd64)
# No core dump will be written. Minidumps are not enabled by default on client versions of Windows
#

---------------  S U M M A R Y ------------

Command Line: --add-modules=ALL-SYSTEM --add-opens=java.base/java.util=ALL-UNNAMED --add-opens=java.base/java.lang=ALL-UNNAMED --add-opens=java.base/sun.nio.fs=ALL-UNNAMED -Declipse.application=org.eclipse.jdt.ls.core.id1 -Dosgi.bundles.defaultStartLevel=4 -Declipse.product=org.eclipse.jdt.ls.core.product -Djava.import.generatesMetadataFilesAtProjectRoot=false -DDetectVMInstallationsJob.disabled=true -Dfile.encoding=utf8 -XX:+UseParallelGC -XX:GCTimeRatio=4 -XX:AdaptiveSizePolicyWeight=90 -Dsun.zip.disableMemoryMapping=true -Xmx2G -Xms100m -Xlog:disable -javaagent:c:\Users\user\.vscode\extensions\redhat.java-1.44.0-win32-x64\lombok\lombok-1.18.39-4050.jar c:\Users\user\.vscode\extensions\redhat.java-1.44.0-win32-x64\server\plugins\org.eclipse.equinox.launcher_1.7.0.v20250519-0528.jar -configuration c:\Users\user\AppData\Roaming\Code\User\globalStorage\redhat.java\1.44.0\config_ss_win -data c:\Users\user\AppData\Roaming\Code\User\workspaceStorage\67c907b24025bc3e49e0e7e52a19d49d\redhat.java\ss_ws --pipe=\\.\pipe\lsp-5b4bc7f1862eec79e44ca0280e2e3867-sock

Host: Intel(R) Core(TM) i5-10210U CPU @ 1.60GHz, 8 cores, 7G,  Windows 11 , 64 bit Build 26100 (10.0.26100.4768)
Time: Fri Aug 29 23:00:05 2025 Middle East Daylight Time elapsed time: 39.955894 seconds (0d 0h 0m 39s)

---------------  T H R E A D  ---------------

Current thread (0x000002cea87ecdf0):  JavaThread "C2 CompilerThread0" daemon [_thread_in_native, id=20772, stack(0x000000f4e2800000,0x000000f4e2900000) (1024K)]


Current CompileTask:
C2:39955 8636       4       lombok.eclipse.handlers.EclipseHandlerUtil::copyType (631 bytes)

Stack: [0x000000f4e2800000,0x000000f4e2900000]
Native frames: (J=compiled Java code, j=interpreted, Vv=VM code, C=native code)
V  [jvm.dll+0x6d2449]
V  [jvm.dll+0x8ae341]
V  [jvm.dll+0x8b08be]
V  [jvm.dll+0x8b0fa3]
V  [jvm.dll+0x280c96]
V  [jvm.dll+0xc581d]
V  [jvm.dll+0xc5d53]
V  [jvm.dll+0x3b9162]
V  [jvm.dll+0x1e1213]
V  [jvm.dll+0x249022]
V  [jvm.dll+0x2484af]
V  [jvm.dll+0x1c89ee]
V  [jvm.dll+0x257d4d]
V  [jvm.dll+0x2562ea]
V  [jvm.dll+0x3f2d16]
V  [jvm.dll+0x857e6b]
V  [jvm.dll+0x6d0b0d]
C  [ucrtbase.dll+0x37b0]
C  [KERNEL32.DLL+0x2e8d7]
C  [ntdll.dll+0x3c34c]


---------------  P R O C E S S  ---------------

Threads class SMR info:
_java_thread_list=0x000002cf01c26460, length=52, elements={
0x000002cea8860700, 0x000002cea891e280, 0x000002cea87d6700, 0x000002cea87d9250,
0x000002cea87d9f40, 0x000002cea87dde60, 0x000002cea87e7890, 0x000002cea87ecdf0,
0x000002cea87f2970, 0x000002cf01b443c0, 0x000002cf01ddf120, 0x000002cf06c03870,
0x000002cf06bda750, 0x000002cf06bdadb0, 0x000002cf0679de80, 0x000002cf068683e0,
0x000002cf06e949f0, 0x000002cf06f2d430, 0x000002cf073fe460, 0x000002cf073feaf0,
0x000002cf073fca20, 0x000002cf073ff180, 0x000002cf073fd0b0, 0x000002cf073fc390,
0x000002cf073fd740, 0x000002cf073fbd00, 0x000002cf073fddd0, 0x000002cf0877ab40,
0x000002cf0877e650, 0x000002cf0877d2a0, 0x000002cf0877bef0, 0x000002cf0877d930,
0x000002cf0877b1d0, 0x000002cf0877dfc0, 0x000002cf0877b860, 0x000002cf0877fa00,
0x000002cf0877ece0, 0x000002cf0877c580, 0x000002cf08780090, 0x000002cf0877cc10,
0x000002cf08780720, 0x000002cf08780db0, 0x000002cf08781440, 0x000002cf06caf190,
0x000002cf06caf820, 0x000002cf06caeb00, 0x000002cf06cb0540, 0x000002cf06cb0bd0,
0x000002cf06cb18f0, 0x000002cf06cae470, 0x000002cf13b24920, 0x000002cf1ad9e090
}

Java Threads: ( => current thread )
  0x000002cea8860700 JavaThread "main"                              [_thread_blocked, id=22160, stack(0x000000f4e1e00000,0x000000f4e1f00000) (1024K)]
  0x000002cea891e280 JavaThread "Reference Handler"          daemon [_thread_blocked, id=20528, stack(0x000000f4e2200000,0x000000f4e2300000) (1024K)]
  0x000002cea87d6700 JavaThread "Finalizer"                  daemon [_thread_blocked, id=9352, stack(0x000000f4e2300000,0x000000f4e2400000) (1024K)]
  0x000002cea87d9250 JavaThread "Signal Dispatcher"          daemon [_thread_blocked, id=20940, stack(0x000000f4e2400000,0x000000f4e2500000) (1024K)]
  0x000002cea87d9f40 JavaThread "Attach Listener"            daemon [_thread_blocked, id=5996, stack(0x000000f4e2500000,0x000000f4e2600000) (1024K)]
  0x000002cea87dde60 JavaThread "Service Thread"             daemon [_thread_blocked, id=6076, stack(0x000000f4e2600000,0x000000f4e2700000) (1024K)]
  0x000002cea87e7890 JavaThread "Monitor Deflation Thread"   daemon [_thread_blocked, id=13740, stack(0x000000f4e2700000,0x000000f4e2800000) (1024K)]
=>0x000002cea87ecdf0 JavaThread "C2 CompilerThread0"         daemon [_thread_in_native, id=20772, stack(0x000000f4e2800000,0x000000f4e2900000) (1024K)]
  0x000002cea87f2970 JavaThread "C1 CompilerThread0"         daemon [_thread_blocked, id=18532, stack(0x000000f4e2900000,0x000000f4e2a00000) (1024K)]
  0x000002cf01b443c0 JavaThread "Common-Cleaner"             daemon [_thread_blocked, id=8712, stack(0x000000f4e2a00000,0x000000f4e2b00000) (1024K)]
  0x000002cf01ddf120 JavaThread "Notification Thread"        daemon [_thread_blocked, id=2292, stack(0x000000f4e2d00000,0x000000f4e2e00000) (1024K)]
  0x000002cf06c03870 JavaThread "Active Thread: Equinox Container: 858f44c3-3ca3-4fa8-b86a-5a553cf39dd6"        [_thread_blocked, id=10284, stack(0x000000f4e3400000,0x000000f4e3500000) (1024K)]
  0x000002cf06bda750 JavaThread "Framework Event Dispatcher: Equinox Container: 858f44c3-3ca3-4fa8-b86a-5a553cf39dd6" daemon [_thread_blocked, id=13780, stack(0x000000f4e3500000,0x000000f4e3600000) (1024K)]
  0x000002cf06bdadb0 JavaThread "Start Level: Equinox Container: 858f44c3-3ca3-4fa8-b86a-5a553cf39dd6" daemon [_thread_blocked, id=9068, stack(0x000000f4e3600000,0x000000f4e3700000) (1024K)]
  0x000002cf0679de80 JavaThread "SCR Component Actor"        daemon [_thread_blocked, id=3764, stack(0x000000f4e3800000,0x000000f4e3900000) (1024K)]
  0x000002cf068683e0 JavaThread "Worker-JM"                         [_thread_blocked, id=14880, stack(0x000000f4e3a00000,0x000000f4e3b00000) (1024K)]
  0x000002cf06e949f0 JavaThread "Worker-0"                          [_thread_blocked, id=21840, stack(0x000000f4e3b00000,0x000000f4e3c00000) (1024K)]
  0x000002cf06f2d430 JavaThread "Worker-1"                          [_thread_blocked, id=20412, stack(0x000000f4e3c00000,0x000000f4e3d00000) (1024K)]
  0x000002cf073fe460 JavaThread "JNA Cleaner"                daemon [_thread_blocked, id=20296, stack(0x000000f4e2b00000,0x000000f4e2c00000) (1024K)]
  0x000002cf073feaf0 JavaThread "Thread-2"                   daemon [_thread_in_native, id=6388, stack(0x000000f4e4000000,0x000000f4e4100000) (1024K)]
  0x000002cf073fca20 JavaThread "Thread-3"                   daemon [_thread_in_native, id=9452, stack(0x000000f4e4100000,0x000000f4e4200000) (1024K)]
  0x000002cf073ff180 JavaThread "Thread-4"                   daemon [_thread_in_native, id=14168, stack(0x000000f4e4200000,0x000000f4e4300000) (1024K)]
  0x000002cf073fd0b0 JavaThread "Thread-5"                   daemon [_thread_in_native, id=14756, stack(0x000000f4e4300000,0x000000f4e4400000) (1024K)]
  0x000002cf073fc390 JavaThread "Thread-6"                   daemon [_thread_in_native, id=12188, stack(0x000000f4e4400000,0x000000f4e4500000) (1024K)]
  0x000002cf073fd740 JavaThread "Thread-7"                   daemon [_thread_in_native, id=14600, stack(0x000000f4e4500000,0x000000f4e4600000) (1024K)]
  0x000002cf073fbd00 JavaThread "Thread-8"                   daemon [_thread_in_native, id=1908, stack(0x000000f4e4600000,0x000000f4e4700000) (1024K)]
  0x000002cf073fddd0 JavaThread "Thread-9"                   daemon [_thread_in_native, id=18700, stack(0x000000f4e4700000,0x000000f4e4800000) (1024K)]
  0x000002cf0877ab40 JavaThread "Thread-10"                  daemon [_thread_in_native, id=21740, stack(0x000000f4e4800000,0x000000f4e4900000) (1024K)]
  0x000002cf0877e650 JavaThread "pool-2-thread-1"                   [_thread_blocked, id=22464, stack(0x000000f4e4900000,0x000000f4e4a00000) (1024K)]
  0x000002cf0877d2a0 JavaThread "WorkspaceEventsHandler"            [_thread_blocked, id=8948, stack(0x000000f4e4a00000,0x000000f4e4b00000) (1024K)]
  0x000002cf0877bef0 JavaThread "pool-1-thread-1"                   [_thread_blocked, id=8224, stack(0x000000f4e4b00000,0x000000f4e4c00000) (1024K)]
  0x000002cf0877d930 JavaThread "ForkJoinPool.commonPool-worker-1" daemon [_thread_blocked, id=15248, stack(0x000000f4e4c00000,0x000000f4e4d00000) (1024K)]
  0x000002cf0877b1d0 JavaThread "ForkJoinPool.commonPool-worker-2" daemon [_thread_blocked, id=13360, stack(0x000000f4e4d00000,0x000000f4e4e00000) (1024K)]
  0x000002cf0877dfc0 JavaThread "ForkJoinPool.commonPool-worker-3" daemon [_thread_blocked, id=10764, stack(0x000000f4e4e00000,0x000000f4e4f00000) (1024K)]
  0x000002cf0877b860 JavaThread "ForkJoinPool.commonPool-worker-4" daemon [_thread_blocked, id=20356, stack(0x000000f4e4f00000,0x000000f4e5000000) (1024K)]
  0x000002cf0877fa00 JavaThread "Worker-2"                          [_thread_blocked, id=20428, stack(0x000000f4e5100000,0x000000f4e5200000) (1024K)]
  0x000002cf0877ece0 JavaThread "Worker-3"                          [_thread_blocked, id=4676, stack(0x000000f4e5200000,0x000000f4e5300000) (1024K)]
  0x000002cf0877c580 JavaThread "Compiler Source File Reader" daemon [_thread_blocked, id=10260, stack(0x000000f4e2c00000,0x000000f4e2d00000) (1024K)]
  0x000002cf08780090 JavaThread "Compiler Source File Reader" daemon [_thread_blocked, id=14172, stack(0x000000f4e5300000,0x000000f4e5400000) (1024K)]
  0x000002cf0877cc10 JavaThread "Compiler Source File Reader" daemon [_thread_blocked, id=3312, stack(0x000000f4e5400000,0x000000f4e5500000) (1024K)]
  0x000002cf08780720 JavaThread "Compiler Source File Reader" daemon [_thread_blocked, id=18988, stack(0x000000f4e5500000,0x000000f4e5600000) (1024K)]
  0x000002cf08780db0 JavaThread "Compiler Source File Reader" daemon [_thread_blocked, id=9128, stack(0x000000f4e5600000,0x000000f4e5700000) (1024K)]
  0x000002cf08781440 JavaThread "Compiler Source File Reader" daemon [_thread_blocked, id=19344, stack(0x000000f4e5700000,0x000000f4e5800000) (1024K)]
  0x000002cf06caf190 JavaThread "Compiler Processing Task"   daemon [_thread_blocked, id=18844, stack(0x000000f4e5800000,0x000000f4e5900000) (1024K)]
  0x000002cf06caf820 JavaThread "Compiler Class File Writer" daemon [_thread_blocked, id=17972, stack(0x000000f4e5900000,0x000000f4e5a00000) (1024K)]
  0x000002cf06caeb00 JavaThread "Compiler Class File Writer" daemon [_thread_blocked, id=11348, stack(0x000000f4e5a00000,0x000000f4e5b00000) (1024K)]
  0x000002cf06cb0540 JavaThread "Compiler Class File Writer" daemon [_thread_blocked, id=6672, stack(0x000000f4e5b00000,0x000000f4e5c00000) (1024K)]
  0x000002cf06cb0bd0 JavaThread "Compiler Class File Writer" daemon [_thread_blocked, id=11356, stack(0x000000f4e5c00000,0x000000f4e5d00000) (1024K)]
  0x000002cf06cb18f0 JavaThread "Compiler Class File Writer" daemon [_thread_blocked, id=2560, stack(0x000000f4e5d00000,0x000000f4e5e00000) (1024K)]
  0x000002cf06cae470 JavaThread "Compiler Class File Writer" daemon [_thread_blocked, id=17296, stack(0x000000f4e5e00000,0x000000f4e5f00000) (1024K)]
  0x000002cf13b24920 JavaThread "ForkJoinPool.commonPool-worker-5" daemon [_thread_blocked, id=21792, stack(0x000000f4e3f00000,0x000000f4e4000000) (1024K)]
  0x000002cf1ad9e090 JavaThread "C2 CompilerThread1"         daemon [_thread_blocked, id=14560, stack(0x000000f4e5000000,0x000000f4e5100000) (1024K)]
Total: 52

Other Threads:
  0x000002cea8902a30 VMThread "VM Thread"                           [id=21216, stack(0x000000f4e2100000,0x000000f4e2200000) (1024K)]
  0x000002cea86eca00 WatcherThread "VM Periodic Task Thread"        [id=12344, stack(0x000000f4e2000000,0x000000f4e2100000) (1024K)]
  0x000002cea887f160 WorkerThread "GC Thread#0"                     [id=23416, stack(0x000000f4e1f00000,0x000000f4e2000000) (1024K)]
  0x000002cf066fedf0 WorkerThread "GC Thread#1"                     [id=16176, stack(0x000000f4e2e00000,0x000000f4e2f00000) (1024K)]
  0x000002cf062a1540 WorkerThread "GC Thread#2"                     [id=6128, stack(0x000000f4e2f00000,0x000000f4e3000000) (1024K)]
  0x000002cf062a18e0 WorkerThread "GC Thread#3"                     [id=11308, stack(0x000000f4e3000000,0x000000f4e3100000) (1024K)]
  0x000002cf068560d0 WorkerThread "GC Thread#4"                     [id=13896, stack(0x000000f4e3100000,0x000000f4e3200000) (1024K)]
  0x000002cf06856470 WorkerThread "GC Thread#5"                     [id=2376, stack(0x000000f4e3200000,0x000000f4e3300000) (1024K)]
  0x000002cf068ec2e0 WorkerThread "GC Thread#6"                     [id=21288, stack(0x000000f4e3300000,0x000000f4e3400000) (1024K)]
  0x000002cf066c0fd0 WorkerThread "GC Thread#7"                     [id=14176, stack(0x000000f4e3700000,0x000000f4e3800000) (1024K)]
Total: 10

Threads with active compile tasks:
C2 CompilerThread0  39996 8636       4       lombok.eclipse.handlers.EclipseHandlerUtil::copyType (631 bytes)
Total: 1

VM state: not at safepoint (normal execution)

VM Mutex/Monitor currently owned by a thread: None

Heap address: 0x0000000080000000, size: 2048 MB, Compressed Oops mode: 32-bit

CDS archive(s) mapped at: [0x000002cec0000000-0x000002cec0ba0000-0x000002cec0ba0000), size 12189696, SharedBaseAddress: 0x000002cec0000000, ArchiveRelocationMode: 1.
Compressed class space mapped at: 0x000002cec1000000-0x000002cf01000000, reserved size: 1073741824
Narrow klass base: 0x000002cec0000000, Narrow klass shift: 0, Narrow klass range: 0x100000000

GC Precious Log:
 CardTable entry size: 512
 CPUs: 8 total, 8 available
 Memory: 8025M
 Large Page Support: Disabled
 NUMA Support: Disabled
 Compressed Oops: Enabled (32-bit)
 Alignments: Space 512K, Generation 512K, Heap 2M
 Heap Min Capacity: 100M
 Heap Initial Capacity: 100M
 Heap Max Capacity: 2G
 Pre-touch: Disabled
 Parallel Workers: 8

Heap:
 PSYoungGen      total 20992K, used 11420K [0x00000000d5580000, 0x00000000d6e80000, 0x0000000100000000)
  eden space 19456K, 50% used [0x00000000d5580000,0x00000000d5f2f2c0,0x00000000d6880000)
  from space 1536K, 97% used [0x00000000d6980000,0x00000000d6af8020,0x00000000d6b00000)
  to   space 3072K, 0% used [0x00000000d6b80000,0x00000000d6b80000,0x00000000d6e80000)
 ParOldGen       total 68608K, used 62719K [0x0000000080000000, 0x0000000084300000, 0x00000000d5580000)
  object space 68608K, 91% used [0x0000000080000000,0x0000000083d3fc20,0x0000000084300000)
 Metaspace       used 49229K, committed 50304K, reserved 1114112K
  class space    used 4903K, committed 5376K, reserved 1048576K

Card table byte_map: [0x000002cea8200000,0x000002cea8610000] _byte_map_base: 0x000002cea7e00000

Marking Bits: (ParMarkBitMap*) 0x00007ff816c5a340
 Begin Bits: [0x000002cebad00000, 0x000002cebcd00000)
 End Bits:   [0x000002cebcd00000, 0x000002cebed00000)

Polling page: 0x000002cea66a0000

Metaspace:

Usage:
  Non-class:     43.29 MB used.
      Class:      4.79 MB used.
       Both:     48.08 MB used.

Virtual space:
  Non-class space:       64.00 MB reserved,      43.88 MB ( 69%) committed,  1 nodes.
      Class space:        1.00 GB reserved,       5.25 MB ( <1%) committed,  1 nodes.
             Both:        1.06 GB reserved,      49.12 MB (  5%) committed. 

Chunk freelists:
   Non-Class:  4.06 MB
       Class:  10.77 MB
        Both:  14.83 MB

MaxMetaspaceSize: unlimited
CompressedClassSpaceSize: 1.00 GB
Initial GC threshold: 21.00 MB
Current GC threshold: 58.38 MB
CDS: on
 - commit_granule_bytes: 65536.
 - commit_granule_words: 8192.
 - virtual_space_node_default_size: 8388608.
 - enlarge_chunks_in_place: 1.
 - use_allocation_guard: 0.


Internal statistics:

num_allocs_failed_limit: 6.
num_arena_births: 1038.
num_arena_deaths: 68.
num_vsnodes_births: 2.
num_vsnodes_deaths: 0.
num_space_committed: 786.
num_space_uncommitted: 0.
num_chunks_returned_to_freelist: 96.
num_chunks_taken_from_freelist: 3319.
num_chunk_merges: 35.
num_chunk_splits: 2014.
num_chunks_enlarged: 1147.
num_inconsistent_stats: 0.

CodeHeap 'non-profiled nmethods': size=120000Kb used=6205Kb max_used=6205Kb free=113794Kb
 bounds [0x000002ceb3520000, 0x000002ceb3b30000, 0x000002cebaa50000]
CodeHeap 'profiled nmethods': size=120000Kb used=19247Kb max_used=19247Kb free=100752Kb
 bounds [0x000002ceaba50000, 0x000002ceacd20000, 0x000002ceb2f80000]
CodeHeap 'non-nmethods': size=5760Kb used=1425Kb max_used=1621Kb free=4334Kb
 bounds [0x000002ceb2f80000, 0x000002ceb31f0000, 0x000002ceb3520000]
CodeCache: size=245760Kb, used=26877Kb, max_used=27073Kb, free=218880Kb
 total_blobs=8972, nmethods=8236, adapters=640, full_count=0
Compilation: enabled, stopped_count=0, restarted_count=0

Compilation events (20 events):
Event: 38.620 Thread 0x000002cea87f2970 nmethod 8641 0x000002ceb3b23f10 code [0x000002ceb3b240a0, 0x000002ceb3b24168]
Event: 38.622 Thread 0x000002cea87f2970 8642       3       org.eclipse.jdt.internal.compiler.lookup.LookupEnvironment::setAccessRestriction (30 bytes)
Event: 38.622 Thread 0x000002cea87f2970 nmethod 8642 0x000002ceacd18010 code [0x000002ceacd181c0, 0x000002ceacd18400]
Event: 38.625 Thread 0x000002cea87f2970 8647       3       java.nio.MappedByteBuffer::flip (7 bytes)
Event: 38.625 Thread 0x000002cea87f2970 nmethod 8647 0x000002ceacd18510 code [0x000002ceacd186c0, 0x000002ceacd188a0]
Event: 38.625 Thread 0x000002cea87f2970 8648       3       sun.nio.ch.Util::getTemporaryDirectBuffer (55 bytes)
Event: 38.626 Thread 0x000002cea87f2970 nmethod 8648 0x000002ceacd18990 code [0x000002ceacd18c20, 0x000002ceacd19778]
Event: 38.626 Thread 0x000002cea87f2970 8645       3       jdk.internal.ref.Cleaner::create (19 bytes)
Event: 38.626 Thread 0x000002cea87f2970 nmethod 8645 0x000002ceacd19b10 code [0x000002ceacd19d00, 0x000002ceacd1a2c8]
Event: 38.626 Thread 0x000002cea87f2970 8646       3       jdk.internal.ref.Cleaner::<init> (24 bytes)
Event: 38.626 Thread 0x000002cea87f2970 nmethod 8646 0x000002ceacd1a510 code [0x000002ceacd1a6c0, 0x000002ceacd1a980]
Event: 38.627 Thread 0x000002cea87f2970 8649       3       sun.nio.ch.Util$BufferCache::get (164 bytes)
Event: 38.627 Thread 0x000002cea87f2970 nmethod 8649 0x000002ceacd1aa90 code [0x000002ceacd1acc0, 0x000002ceacd1b618]
Event: 38.627 Thread 0x000002cea87f2970 8650       3       java.nio.MappedByteBuffer::flip (5 bytes)
Event: 38.628 Thread 0x000002cea87f2970 nmethod 8650 0x000002ceacd1b910 code [0x000002ceacd1bac0, 0x000002ceacd1bd00]
Event: 38.725 Thread 0x000002cf1ad9e090 nmethod 8635 0x000002ceb3b24210 code [0x000002ceb3b24c80, 0x000002ceb3b27c10]
Event: 38.725 Thread 0x000002cf1ad9e090 8643       4       org.eclipse.jdt.internal.compiler.lookup.LookupEnvironment$$Lambda/0x000002cec14755d0::apply (20 bytes)
Event: 38.772 Thread 0x000002cf1ad9e090 nmethod 8643 0x000002ceb3b29910 code [0x000002ceb3b29c40, 0x000002ceb3b2b730]
Event: 38.773 Thread 0x000002cf1ad9e090 8644       4       org.eclipse.jdt.internal.compiler.lookup.LookupEnvironment::fromSplitPackageOrOracle (89 bytes)
Event: 38.824 Thread 0x000002cf1ad9e090 nmethod 8644 0x000002ceb3b2c790 code [0x000002ceb3b2cac0, 0x000002ceb3b2e628]

GC Heap History (20 events):
Event: 25.807 GC heap before
{Heap before GC invocations=30 (full 2):
 PSYoungGen      total 22528K, used 22100K [0x00000000d5580000, 0x00000000d6f80000, 0x0000000100000000)
  eden space 19456K, 99% used [0x00000000d5580000,0x00000000d687da10,0x00000000d6880000)
  from space 3072K, 86% used [0x00000000d6880000,0x00000000d6b17880,0x00000000d6b80000)
  to   space 3584K, 0% used [0x00000000d6c00000,0x00000000d6c00000,0x00000000d6f80000)
 ParOldGen       total 68608K, used 44758K [0x0000000080000000, 0x0000000084300000, 0x00000000d5580000)
  object space 68608K, 65% used [0x0000000080000000,0x0000000082bb5b78,0x0000000084300000)
 Metaspace       used 46184K, committed 47296K, reserved 1114112K
  class space    used 4592K, committed 5120K, reserved 1048576K
}
Event: 25.812 GC heap after
{Heap after GC invocations=30 (full 2):
 PSYoungGen      total 20992K, used 1517K [0x00000000d5580000, 0x00000000d6d80000, 0x0000000100000000)
  eden space 19456K, 0% used [0x00000000d5580000,0x00000000d5580000,0x00000000d6880000)
  from space 1536K, 98% used [0x00000000d6c00000,0x00000000d6d7b530,0x00000000d6d80000)
  to   space 2048K, 0% used [0x00000000d6980000,0x00000000d6980000,0x00000000d6b80000)
 ParOldGen       total 68608K, used 47246K [0x0000000080000000, 0x0000000084300000, 0x00000000d5580000)
  object space 68608K, 68% used [0x0000000080000000,0x0000000082e23a60,0x0000000084300000)
 Metaspace       used 46184K, committed 47296K, reserved 1114112K
  class space    used 4592K, committed 5120K, reserved 1048576K
}
Event: 27.382 GC heap before
{Heap before GC invocations=31 (full 2):
 PSYoungGen      total 20992K, used 20973K [0x00000000d5580000, 0x00000000d6d80000, 0x0000000100000000)
  eden space 19456K, 100% used [0x00000000d5580000,0x00000000d6880000,0x00000000d6880000)
  from space 1536K, 98% used [0x00000000d6c00000,0x00000000d6d7b530,0x00000000d6d80000)
  to   space 2048K, 0% used [0x00000000d6980000,0x00000000d6980000,0x00000000d6b80000)
 ParOldGen       total 68608K, used 47246K [0x0000000080000000, 0x0000000084300000, 0x00000000d5580000)
  object space 68608K, 68% used [0x0000000080000000,0x0000000082e23a60,0x0000000084300000)
 Metaspace       used 46814K, committed 47936K, reserved 1114112K
  class space    used 4659K, committed 5184K, reserved 1048576K
}
Event: 27.386 GC heap after
{Heap after GC invocations=31 (full 2):
 PSYoungGen      total 21504K, used 2016K [0x00000000d5580000, 0x00000000d7180000, 0x0000000100000000)
  eden space 19456K, 0% used [0x00000000d5580000,0x00000000d5580000,0x00000000d6880000)
  from space 2048K, 98% used [0x00000000d6980000,0x00000000d6b78020,0x00000000d6b80000)
  to   space 4608K, 0% used [0x00000000d6d00000,0x00000000d6d00000,0x00000000d7180000)
 ParOldGen       total 68608K, used 49120K [0x0000000080000000, 0x0000000084300000, 0x00000000d5580000)
  object space 68608K, 71% used [0x0000000080000000,0x0000000082ff8040,0x0000000084300000)
 Metaspace       used 46814K, committed 47936K, reserved 1114112K
  class space    used 4659K, committed 5184K, reserved 1048576K
}
Event: 27.487 GC heap before
{Heap before GC invocations=32 (full 2):
 PSYoungGen      total 21504K, used 21467K [0x00000000d5580000, 0x00000000d7180000, 0x0000000100000000)
  eden space 19456K, 99% used [0x00000000d5580000,0x00000000d687ee58,0x00000000d6880000)
  from space 2048K, 98% used [0x00000000d6980000,0x00000000d6b78020,0x00000000d6b80000)
  to   space 4608K, 0% used [0x00000000d6d00000,0x00000000d6d00000,0x00000000d7180000)
 ParOldGen       total 68608K, used 49120K [0x0000000080000000, 0x0000000084300000, 0x00000000d5580000)
  object space 68608K, 71% used [0x0000000080000000,0x0000000082ff8040,0x0000000084300000)
 Metaspace       used 46918K, committed 48000K, reserved 1114112K
  class space    used 4664K, committed 5184K, reserved 1048576K
}
Event: 27.491 GC heap after
{Heap after GC invocations=32 (full 2):
 PSYoungGen      total 20992K, used 1360K [0x00000000d5580000, 0x00000000d6e80000, 0x0000000100000000)
  eden space 19456K, 0% used [0x00000000d5580000,0x00000000d5580000,0x00000000d6880000)
  from space 1536K, 88% used [0x00000000d6d00000,0x00000000d6e54010,0x00000000d6e80000)
  to   space 2560K, 0% used [0x00000000d6980000,0x00000000d6980000,0x00000000d6c00000)
 ParOldGen       total 68608K, used 51038K [0x0000000080000000, 0x0000000084300000, 0x00000000d5580000)
  object space 68608K, 74% used [0x0000000080000000,0x00000000831d7860,0x0000000084300000)
 Metaspace       used 46918K, committed 48000K, reserved 1114112K
  class space    used 4664K, committed 5184K, reserved 1048576K
}
Event: 32.115 GC heap before
{Heap before GC invocations=33 (full 2):
 PSYoungGen      total 20992K, used 20816K [0x00000000d5580000, 0x00000000d6e80000, 0x0000000100000000)
  eden space 19456K, 100% used [0x00000000d5580000,0x00000000d6880000,0x00000000d6880000)
  from space 1536K, 88% used [0x00000000d6d00000,0x00000000d6e54010,0x00000000d6e80000)
  to   space 2560K, 0% used [0x00000000d6980000,0x00000000d6980000,0x00000000d6c00000)
 ParOldGen       total 68608K, used 51038K [0x0000000080000000, 0x0000000084300000, 0x00000000d5580000)
  object space 68608K, 74% used [0x0000000080000000,0x00000000831d7860,0x0000000084300000)
 Metaspace       used 47553K, committed 48640K, reserved 1114112K
  class space    used 4713K, committed 5184K, reserved 1048576K
}
Event: 32.120 GC heap after
{Heap after GC invocations=33 (full 2):
 PSYoungGen      total 22016K, used 768K [0x00000000d5580000, 0x00000000d6d80000, 0x0000000100000000)
  eden space 19456K, 0% used [0x00000000d5580000,0x00000000d5580000,0x00000000d6880000)
  from space 2560K, 30% used [0x00000000d6980000,0x00000000d6a40020,0x00000000d6c00000)
  to   space 1536K, 0% used [0x00000000d6c00000,0x00000000d6c00000,0x00000000d6d80000)
 ParOldGen       total 68608K, used 52314K [0x0000000080000000, 0x0000000084300000, 0x00000000d5580000)
  object space 68608K, 76% used [0x0000000080000000,0x0000000083316910,0x0000000084300000)
 Metaspace       used 47553K, committed 48640K, reserved 1114112K
  class space    used 4713K, committed 5184K, reserved 1048576K
}
Event: 34.161 GC heap before
{Heap before GC invocations=34 (full 2):
 PSYoungGen      total 22016K, used 20224K [0x00000000d5580000, 0x00000000d6d80000, 0x0000000100000000)
  eden space 19456K, 100% used [0x00000000d5580000,0x00000000d6880000,0x00000000d6880000)
  from space 2560K, 30% used [0x00000000d6980000,0x00000000d6a40020,0x00000000d6c00000)
  to   space 1536K, 0% used [0x00000000d6c00000,0x00000000d6c00000,0x00000000d6d80000)
 ParOldGen       total 68608K, used 52314K [0x0000000080000000, 0x0000000084300000, 0x00000000d5580000)
  object space 68608K, 76% used [0x0000000080000000,0x0000000083316910,0x0000000084300000)
 Metaspace       used 47653K, committed 48704K, reserved 1114112K
  class space    used 4716K, committed 5184K, reserved 1048576K
}
Event: 34.166 GC heap after
{Heap after GC invocations=34 (full 2):
 PSYoungGen      total 20992K, used 1520K [0x00000000d5580000, 0x00000000d6f80000, 0x0000000100000000)
  eden space 19456K, 0% used [0x00000000d5580000,0x00000000d5580000,0x00000000d6880000)
  from space 1536K, 98% used [0x00000000d6c00000,0x00000000d6d7c010,0x00000000d6d80000)
  to   space 3584K, 0% used [0x00000000d6880000,0x00000000d6880000,0x00000000d6c00000)
 ParOldGen       total 68608K, used 53667K [0x0000000080000000, 0x0000000084300000, 0x00000000d5580000)
  object space 68608K, 78% used [0x0000000080000000,0x0000000083468e80,0x0000000084300000)
 Metaspace       used 47653K, committed 48704K, reserved 1114112K
  class space    used 4716K, committed 5184K, reserved 1048576K
}
Event: 36.271 GC heap before
{Heap before GC invocations=35 (full 2):
 PSYoungGen      total 20992K, used 20976K [0x00000000d5580000, 0x00000000d6f80000, 0x0000000100000000)
  eden space 19456K, 100% used [0x00000000d5580000,0x00000000d6880000,0x00000000d6880000)
  from space 1536K, 98% used [0x00000000d6c00000,0x00000000d6d7c010,0x00000000d6d80000)
  to   space 3584K, 0% used [0x00000000d6880000,0x00000000d6880000,0x00000000d6c00000)
 ParOldGen       total 68608K, used 53667K [0x0000000080000000, 0x0000000084300000, 0x00000000d5580000)
  object space 68608K, 78% used [0x0000000080000000,0x0000000083468e80,0x0000000084300000)
 Metaspace       used 47791K, committed 48960K, reserved 1114112K
  class space    used 4727K, committed 5248K, reserved 1048576K
}
Event: 36.274 GC heap after
{Heap after GC invocations=35 (full 2):
 PSYoungGen      total 22528K, used 2640K [0x00000000d5580000, 0x00000000d6e80000, 0x0000000100000000)
  eden space 19456K, 0% used [0x00000000d5580000,0x00000000d5580000,0x00000000d6880000)
  from space 3072K, 85% used [0x00000000d6880000,0x00000000d6b14050,0x00000000d6b80000)
  to   space 3072K, 0% used [0x00000000d6b80000,0x00000000d6b80000,0x00000000d6e80000)
 ParOldGen       total 68608K, used 55166K [0x0000000080000000, 0x0000000084300000, 0x00000000d5580000)
  object space 68608K, 80% used [0x0000000080000000,0x00000000835df800,0x0000000084300000)
 Metaspace       used 47791K, committed 48960K, reserved 1114112K
  class space    used 4727K, committed 5248K, reserved 1048576K
}
Event: 36.526 GC heap before
{Heap before GC invocations=36 (full 2):
 PSYoungGen      total 22528K, used 22096K [0x00000000d5580000, 0x00000000d6e80000, 0x0000000100000000)
  eden space 19456K, 100% used [0x00000000d5580000,0x00000000d6880000,0x00000000d6880000)
  from space 3072K, 85% used [0x00000000d6880000,0x00000000d6b14050,0x00000000d6b80000)
  to   space 3072K, 0% used [0x00000000d6b80000,0x00000000d6b80000,0x00000000d6e80000)
 ParOldGen       total 68608K, used 55166K [0x0000000080000000, 0x0000000084300000, 0x00000000d5580000)
  object space 68608K, 80% used [0x0000000080000000,0x00000000835df800,0x0000000084300000)
 Metaspace       used 47831K, committed 48960K, reserved 1114112K
  class space    used 4727K, committed 5248K, reserved 1048576K
}
Event: 36.529 GC heap after
{Heap after GC invocations=36 (full 2):
 PSYoungGen      total 22016K, used 2160K [0x00000000d5580000, 0x00000000d6e00000, 0x0000000100000000)
  eden space 19456K, 0% used [0x00000000d5580000,0x00000000d5580000,0x00000000d6880000)
  from space 2560K, 84% used [0x00000000d6b80000,0x00000000d6d9c030,0x00000000d6e00000)
  to   space 2560K, 0% used [0x00000000d6900000,0x00000000d6900000,0x00000000d6b80000)
 ParOldGen       total 68608K, used 57687K [0x0000000080000000, 0x0000000084300000, 0x00000000d5580000)
  object space 68608K, 84% used [0x0000000080000000,0x0000000083855d50,0x0000000084300000)
 Metaspace       used 47831K, committed 48960K, reserved 1114112K
  class space    used 4727K, committed 5248K, reserved 1048576K
}
Event: 36.689 GC heap before
{Heap before GC invocations=37 (full 2):
 PSYoungGen      total 22016K, used 21616K [0x00000000d5580000, 0x00000000d6e00000, 0x0000000100000000)
  eden space 19456K, 100% used [0x00000000d5580000,0x00000000d6880000,0x00000000d6880000)
  from space 2560K, 84% used [0x00000000d6b80000,0x00000000d6d9c030,0x00000000d6e00000)
  to   space 2560K, 0% used [0x00000000d6900000,0x00000000d6900000,0x00000000d6b80000)
 ParOldGen       total 68608K, used 57687K [0x0000000080000000, 0x0000000084300000, 0x00000000d5580000)
  object space 68608K, 84% used [0x0000000080000000,0x0000000083855d50,0x0000000084300000)
 Metaspace       used 47915K, committed 49024K, reserved 1114112K
  class space    used 4727K, committed 5248K, reserved 1048576K
}
Event: 36.693 GC heap after
{Heap after GC invocations=37 (full 2):
 PSYoungGen      total 22016K, used 2368K [0x00000000d5580000, 0x00000000d6d80000, 0x0000000100000000)
  eden space 19456K, 0% used [0x00000000d5580000,0x00000000d5580000,0x00000000d6880000)
  from space 2560K, 92% used [0x00000000d6900000,0x00000000d6b50060,0x00000000d6b80000)
  to   space 2048K, 0% used [0x00000000d6b80000,0x00000000d6b80000,0x00000000d6d80000)
 ParOldGen       total 68608K, used 59687K [0x0000000080000000, 0x0000000084300000, 0x00000000d5580000)
  object space 68608K, 86% used [0x0000000080000000,0x0000000083a49d10,0x0000000084300000)
 Metaspace       used 47915K, committed 49024K, reserved 1114112K
  class space    used 4727K, committed 5248K, reserved 1048576K
}
Event: 37.327 GC heap before
{Heap before GC invocations=38 (full 2):
 PSYoungGen      total 22016K, used 21824K [0x00000000d5580000, 0x00000000d6d80000, 0x0000000100000000)
  eden space 19456K, 100% used [0x00000000d5580000,0x00000000d6880000,0x00000000d6880000)
  from space 2560K, 92% used [0x00000000d6900000,0x00000000d6b50060,0x00000000d6b80000)
  to   space 2048K, 0% used [0x00000000d6b80000,0x00000000d6b80000,0x00000000d6d80000)
 ParOldGen       total 68608K, used 59687K [0x0000000080000000, 0x0000000084300000, 0x00000000d5580000)
  object space 68608K, 86% used [0x0000000080000000,0x0000000083a49d10,0x0000000084300000)
 Metaspace       used 48133K, committed 49216K, reserved 1114112K
  class space    used 4751K, committed 5248K, reserved 1048576K
}
Event: 37.332 GC heap after
{Heap after GC invocations=38 (full 2):
 PSYoungGen      total 20480K, used 960K [0x00000000d5580000, 0x00000000d6c80000, 0x0000000100000000)
  eden space 19456K, 0% used [0x00000000d5580000,0x00000000d5580000,0x00000000d6880000)
  from space 1024K, 93% used [0x00000000d6b80000,0x00000000d6c70020,0x00000000d6c80000)
  to   space 1536K, 0% used [0x00000000d6980000,0x00000000d6980000,0x00000000d6b00000)
 ParOldGen       total 68608K, used 61841K [0x0000000080000000, 0x0000000084300000, 0x00000000d5580000)
  object space 68608K, 90% used [0x0000000080000000,0x0000000083c64740,0x0000000084300000)
 Metaspace       used 48133K, committed 49216K, reserved 1114112K
  class space    used 4751K, committed 5248K, reserved 1048576K
}
Event: 37.803 GC heap before
{Heap before GC invocations=39 (full 2):
 PSYoungGen      total 20480K, used 20416K [0x00000000d5580000, 0x00000000d6c80000, 0x0000000100000000)
  eden space 19456K, 100% used [0x00000000d5580000,0x00000000d6880000,0x00000000d6880000)
  from space 1024K, 93% used [0x00000000d6b80000,0x00000000d6c70020,0x00000000d6c80000)
  to   space 1536K, 0% used [0x00000000d6980000,0x00000000d6980000,0x00000000d6b00000)
 ParOldGen       total 68608K, used 61841K [0x0000000080000000, 0x0000000084300000, 0x00000000d5580000)
  object space 68608K, 90% used [0x0000000080000000,0x0000000083c64740,0x0000000084300000)
 Metaspace       used 49162K, committed 50176K, reserved 1114112K
  class space    used 4894K, committed 5376K, reserved 1048576K
}
Event: 37.807 GC heap after
{Heap after GC invocations=39 (full 2):
 PSYoungGen      total 20992K, used 1504K [0x00000000d5580000, 0x00000000d6e80000, 0x0000000100000000)
  eden space 19456K, 0% used [0x00000000d5580000,0x00000000d5580000,0x00000000d6880000)
  from space 1536K, 97% used [0x00000000d6980000,0x00000000d6af8020,0x00000000d6b00000)
  to   space 3072K, 0% used [0x00000000d6b80000,0x00000000d6b80000,0x00000000d6e80000)
 ParOldGen       total 68608K, used 62719K [0x0000000080000000, 0x0000000084300000, 0x00000000d5580000)
  object space 68608K, 91% used [0x0000000080000000,0x0000000083d3fc20,0x0000000084300000)
 Metaspace       used 49162K, committed 50176K, reserved 1114112K
  class space    used 4894K, committed 5376K, reserved 1048576K
}

Dll operation events (10 events):
Event: 0.015 Loaded shared library c:\Users\user\.vscode\extensions\redhat.java-1.44.0-win32-x64\jre\21.0.8-win32-x86_64\bin\java.dll
Event: 0.049 Loaded shared library c:\Users\user\.vscode\extensions\redhat.java-1.44.0-win32-x64\jre\21.0.8-win32-x86_64\bin\zip.dll
Event: 0.123 Loaded shared library C:\Users\user\.vscode\extensions\redhat.java-1.44.0-win32-x64\jre\21.0.8-win32-x86_64\bin\instrument.dll
Event: 0.129 Loaded shared library C:\Users\user\.vscode\extensions\redhat.java-1.44.0-win32-x64\jre\21.0.8-win32-x86_64\bin\net.dll
Event: 0.132 Loaded shared library C:\Users\user\.vscode\extensions\redhat.java-1.44.0-win32-x64\jre\21.0.8-win32-x86_64\bin\nio.dll
Event: 0.136 Loaded shared library C:\Users\user\.vscode\extensions\redhat.java-1.44.0-win32-x64\jre\21.0.8-win32-x86_64\bin\zip.dll
Event: 0.159 Loaded shared library C:\Users\user\.vscode\extensions\redhat.java-1.44.0-win32-x64\jre\21.0.8-win32-x86_64\bin\jimage.dll
Event: 0.250 Loaded shared library c:\Users\user\.vscode\extensions\redhat.java-1.44.0-win32-x64\jre\21.0.8-win32-x86_64\bin\verify.dll
Event: 1.642 Loaded shared library C:\Users\user\AppData\Roaming\Code\User\globalStorage\redhat.java\1.44.0\config_ss_win\org.eclipse.equinox.launcher\org.eclipse.equinox.launcher.win32.win32.x86_64_1.2.1400.v20250730-1736\eclipse_11913.dll
Event: 4.838 Loaded shared library C:\Users\user\AppData\Local\Temp\jna-3599307\jna8470082736143409579.dll

Deoptimization events (20 events):
Event: 37.775 Thread 0x000002cf0877dfc0 DEOPT PACKING pc=0x000002ceb3aa33a4 sp=0x000000f4e4efe4b0
Event: 37.775 Thread 0x000002cf0877dfc0 DEOPT UNPACKING pc=0x000002ceb2fd3aa2 sp=0x000000f4e4efe460 mode 2
Event: 37.780 Thread 0x000002cf0877dfc0 Uncommon trap: trap_request=0xffffffc6 fr.pc=0x000002ceb3aa33a4 relative=0x00000000000001c4
Event: 37.780 Thread 0x000002cf0877dfc0 Uncommon trap: reason=bimorphic_or_optimized_type_check action=maybe_recompile pc=0x000002ceb3aa33a4 method=java.util.regex.Pattern$Branch.match(Ljava/util/regex/Matcher;ILjava/lang/CharSequence;)Z @ 32 c2
Event: 37.780 Thread 0x000002cf0877dfc0 DEOPT PACKING pc=0x000002ceb3aa33a4 sp=0x000000f4e4efe4b0
Event: 37.780 Thread 0x000002cf0877dfc0 DEOPT UNPACKING pc=0x000002ceb2fd3aa2 sp=0x000000f4e4efe460 mode 2
Event: 37.780 Thread 0x000002cf0877dfc0 Uncommon trap: trap_request=0xffffffc6 fr.pc=0x000002ceb3aa33a4 relative=0x00000000000001c4
Event: 37.780 Thread 0x000002cf0877dfc0 Uncommon trap: reason=bimorphic_or_optimized_type_check action=maybe_recompile pc=0x000002ceb3aa33a4 method=java.util.regex.Pattern$Branch.match(Ljava/util/regex/Matcher;ILjava/lang/CharSequence;)Z @ 32 c2
Event: 37.780 Thread 0x000002cf0877dfc0 DEOPT PACKING pc=0x000002ceb3aa33a4 sp=0x000000f4e4efe4b0
Event: 37.780 Thread 0x000002cf0877dfc0 DEOPT UNPACKING pc=0x000002ceb2fd3aa2 sp=0x000000f4e4efe460 mode 2
Event: 37.781 Thread 0x000002cf0877dfc0 Uncommon trap: trap_request=0xffffff45 fr.pc=0x000002ceb37cbf18 relative=0x00000000000001d8
Event: 37.781 Thread 0x000002cf0877dfc0 Uncommon trap: reason=unstable_if action=reinterpret pc=0x000002ceb37cbf18 method=java.util.regex.Pattern$BmpCharProperty.match(Ljava/util/regex/Matcher;ILjava/lang/CharSequence;)Z @ 5 c2
Event: 37.781 Thread 0x000002cf0877dfc0 DEOPT PACKING pc=0x000002ceb37cbf18 sp=0x000000f4e4efe4a0
Event: 37.781 Thread 0x000002cf0877dfc0 DEOPT UNPACKING pc=0x000002ceb2fd3aa2 sp=0x000000f4e4efe438 mode 2
Event: 37.794 Thread 0x000002cf0877dfc0 Uncommon trap: trap_request=0xffffffbe fr.pc=0x000002ceb375a8d4 relative=0x00000000000009f4
Event: 37.794 Thread 0x000002cf0877dfc0 Uncommon trap: reason=profile_predicate action=maybe_recompile pc=0x000002ceb375a8d4 method=java.util.ArrayList.equalsRange(Ljava/util/List;II)Z @ 31 c2
Event: 37.794 Thread 0x000002cf0877dfc0 DEOPT PACKING pc=0x000002ceb375a8d4 sp=0x000000f4e4efe760
Event: 37.794 Thread 0x000002cf0877dfc0 DEOPT UNPACKING pc=0x000002ceb2fd3aa2 sp=0x000000f4e4efe718 mode 2
Event: 38.588 Thread 0x000002cf0877dfc0 DEOPT PACKING pc=0x000002ceaca793bb sp=0x000000f4e4efcf60
Event: 38.588 Thread 0x000002cf0877dfc0 DEOPT UNPACKING pc=0x000002ceb2fd4242 sp=0x000000f4e4efc498 mode 0

Classes loaded (20 events):
Event: 29.370 Loading class java/util/TreeMap$AscendingSubMap$AscendingEntrySetView
Event: 29.370 Loading class java/util/TreeMap$NavigableSubMap$EntrySetView
Event: 29.371 Loading class java/util/TreeMap$NavigableSubMap$EntrySetView done
Event: 29.372 Loading class java/util/TreeMap$AscendingSubMap$AscendingEntrySetView done
Event: 29.372 Loading class java/util/TreeMap$NavigableSubMap$SubMapEntryIterator
Event: 29.372 Loading class java/util/TreeMap$NavigableSubMap$SubMapIterator
Event: 29.373 Loading class java/util/TreeMap$NavigableSubMap$SubMapIterator done
Event: 29.373 Loading class java/util/TreeMap$NavigableSubMap$SubMapEntryIterator done
Event: 37.284 Loading class java/util/concurrent/CompletableFuture$Signaller
Event: 37.284 Loading class java/util/concurrent/CompletableFuture$Signaller done
Event: 37.557 Loading class jdk/internal/event/ThreadSleepEvent
Event: 37.557 Loading class jdk/internal/event/ThreadSleepEvent done
Event: 37.822 Loading class sun/reflect/misc/ReflectUtil
Event: 37.822 Loading class sun/reflect/misc/ReflectUtil done
Event: 37.833 Loading class java/util/stream/DistinctOps
Event: 37.833 Loading class java/util/stream/DistinctOps done
Event: 37.833 Loading class java/util/stream/DistinctOps$1
Event: 37.833 Loading class java/util/stream/DistinctOps$1 done
Event: 37.838 Loading class java/util/stream/DistinctOps$1$2
Event: 37.838 Loading class java/util/stream/DistinctOps$1$2 done

Classes unloaded (20 events):
Event: 6.606 Thread 0x000002cea8902a30 Unloading class 0x000002cec13f2800 'java/lang/invoke/LambdaForm$MH+0x000002cec13f2800'
Event: 6.606 Thread 0x000002cea8902a30 Unloading class 0x000002cec13f2400 'java/lang/invoke/LambdaForm$DMH+0x000002cec13f2400'
Event: 6.606 Thread 0x000002cea8902a30 Unloading class 0x000002cec13f2000 'java/lang/invoke/LambdaForm$DMH+0x000002cec13f2000'
Event: 6.606 Thread 0x000002cea8902a30 Unloading class 0x000002cec13f1000 'java/lang/invoke/LambdaForm$MH+0x000002cec13f1000'
Event: 6.606 Thread 0x000002cea8902a30 Unloading class 0x000002cec13f1400 'java/lang/invoke/LambdaForm$MH+0x000002cec13f1400'
Event: 6.606 Thread 0x000002cea8902a30 Unloading class 0x000002cec13ed400 'java/lang/invoke/LambdaForm$MH+0x000002cec13ed400'
Event: 6.606 Thread 0x000002cea8902a30 Unloading class 0x000002cec13ed000 'java/lang/invoke/LambdaForm$MH+0x000002cec13ed000'
Event: 6.606 Thread 0x000002cea8902a30 Unloading class 0x000002cec13ecc00 'java/lang/invoke/LambdaForm$MH+0x000002cec13ecc00'
Event: 6.606 Thread 0x000002cea8902a30 Unloading class 0x000002cec13ec000 'java/lang/invoke/LambdaForm$MH+0x000002cec13ec000'
Event: 6.606 Thread 0x000002cea8902a30 Unloading class 0x000002cec13ec400 'java/lang/invoke/LambdaForm$MH+0x000002cec13ec400'
Event: 6.606 Thread 0x000002cea8902a30 Unloading class 0x000002cec13eb400 'java/lang/invoke/LambdaForm$MH+0x000002cec13eb400'
Event: 6.606 Thread 0x000002cea8902a30 Unloading class 0x000002cec13eb800 'java/lang/invoke/LambdaForm$MH+0x000002cec13eb800'
Event: 6.606 Thread 0x000002cea8902a30 Unloading class 0x000002cec13eb000 'java/lang/invoke/LambdaForm$MH+0x000002cec13eb000'
Event: 6.606 Thread 0x000002cea8902a30 Unloading class 0x000002cec13ea800 'java/lang/invoke/LambdaForm$MH+0x000002cec13ea800'
Event: 6.606 Thread 0x000002cea8902a30 Unloading class 0x000002cec13e9c00 'java/lang/invoke/LambdaForm$MH+0x000002cec13e9c00'
Event: 6.606 Thread 0x000002cea8902a30 Unloading class 0x000002cec13ea000 'java/lang/invoke/LambdaForm$MH+0x000002cec13ea000'
Event: 6.606 Thread 0x000002cea8902a30 Unloading class 0x000002cec13e9400 'java/lang/invoke/LambdaForm$MH+0x000002cec13e9400'
Event: 6.606 Thread 0x000002cea8902a30 Unloading class 0x000002cec13e9000 'java/lang/invoke/LambdaForm$MH+0x000002cec13e9000'
Event: 6.606 Thread 0x000002cea8902a30 Unloading class 0x000002cec13e8400 'java/lang/invoke/LambdaForm$DMH+0x000002cec13e8400'
Event: 6.606 Thread 0x000002cea8902a30 Unloading class 0x000002cec13e8800 'java/lang/invoke/LambdaForm$DMH+0x000002cec13e8800'

Classes redefined (0 events):
No events

Internal exceptions (20 events):
Event: 10.092 Thread 0x000002cf06e949f0 Exception <a 'java/lang/NoSuchMethodError'{0x00000000d56af640}: 'java.lang.Object java.lang.invoke.DirectMethodHandle$Holder.newInvokeSpecial(java.lang.Object, java.lang.Object, int, int, java.lang.Object)'> (0x00000000d56af640) 
thrown [s\src\hotspot\share\interpreter\linkResolver.cpp, line 773]
Event: 10.145 Thread 0x000002cf06caf190 Exception <a 'java/lang/NoSuchMethodError'{0x00000000d589d708}: 'java.lang.Object java.lang.invoke.DirectMethodHandle$Holder.invokeStatic(java.lang.Object, java.lang.Object, int, java.lang.Object, java.lang.Object)'> (0x00000000d589d708) 
thrown [s\src\hotspot\share\interpreter\linkResolver.cpp, line 773]
Event: 10.202 Thread 0x000002cf06caf190 Exception <a 'java/lang/NoSuchMethodError'{0x00000000d5a132e8}: 'void java.lang.invoke.DirectMethodHandle$Holder.invokeVirtual(java.lang.Object, java.lang.Object, java.lang.Object, java.lang.Object, java.lang.Object)'> (0x00000000d5a132e8) 
thrown [s\src\hotspot\share\interpreter\linkResolver.cpp, line 773]
Event: 10.322 Thread 0x000002cf06caf190 Implicit null exception at 0x000002ceb37dbf47 to 0x000002ceb37dc678
Event: 12.093 Thread 0x000002cf06e949f0 Exception <a 'sun/nio/fs/WindowsException'{0x00000000d645f120}> (0x00000000d645f120) 
thrown [s\src\hotspot\share\prims\jni.cpp, line 520]
Event: 12.093 Thread 0x000002cf06e949f0 Exception <a 'sun/nio/fs/WindowsException'{0x00000000d645f750}> (0x00000000d645f750) 
thrown [s\src\hotspot\share\prims\jni.cpp, line 520]
Event: 12.483 Thread 0x000002cf0877fa00 Implicit null exception at 0x000002ceb3814eec to 0x000002ceb381577c
Event: 12.508 Thread 0x000002cf0877d930 Exception <a 'sun/nio/fs/WindowsException'{0x00000000d59226e0}> (0x00000000d59226e0) 
thrown [s\src\hotspot\share\prims\jni.cpp, line 520]
Event: 12.577 Thread 0x000002cf0877d930 Implicit null exception at 0x000002ceb3905c9a to 0x000002ceb3906c58
Event: 12.784 Thread 0x000002cf0877ece0 Exception <a 'sun/nio/fs/WindowsException'{0x00000000d5dfc0f8}> (0x00000000d5dfc0f8) 
thrown [s\src\hotspot\share\prims\jni.cpp, line 520]
Event: 12.784 Thread 0x000002cf0877ece0 Exception <a 'sun/nio/fs/WindowsException'{0x00000000d5dfc728}> (0x00000000d5dfc728) 
thrown [s\src\hotspot\share\prims\jni.cpp, line 520]
Event: 25.208 Thread 0x000002cf0877bef0 Exception <a 'java/lang/IncompatibleClassChangeError'{0x00000000d5e22e40}: Found class java.lang.Object, but interface was expected> (0x00000000d5e22e40) 
thrown [s\src\hotspot\share\interpreter\linkResolver.cpp, line 840]
Event: 26.240 Thread 0x000002cf0877bef0 Exception <a 'java/lang/ClassNotFoundException'{0x00000000d5706e40}: sun/util/logging/resources/spi/loggingProvider> (0x00000000d5706e40) 
thrown [s\src\hotspot\share\classfile\systemDictionary.cpp, line 312]
Event: 26.937 Thread 0x000002cf0877bef0 Exception <a 'java/lang/IncompatibleClassChangeError'{0x00000000d5719960}: Found class java.lang.Object, but interface was expected> (0x00000000d5719960) 
thrown [s\src\hotspot\share\interpreter\linkResolver.cpp, line 840]
Event: 26.943 Thread 0x000002cf0877d930 Exception <a 'java/lang/NoSuchMethodError'{0x00000000d57446c8}: 'java.lang.Object java.lang.invoke.DirectMethodHandle$Holder.invokeStatic(java.lang.Object, int, int, java.lang.Object)'> (0x00000000d57446c8) 
thrown [s\src\hotspot\share\interpreter\linkResolver.cpp, line 773]
Event: 27.328 Thread 0x000002cf0877bef0 Exception <a 'java/lang/IncompatibleClassChangeError'{0x00000000d5e85478}: Found class java.lang.Object, but interface was expected> (0x00000000d5e85478) 
thrown [s\src\hotspot\share\interpreter\linkResolver.cpp, line 840]
Event: 29.220 Thread 0x000002cf13b24920 Exception <a 'sun/nio/fs/WindowsException'{0x00000000d59521e0}> (0x00000000d59521e0) 
thrown [s\src\hotspot\share\prims\jni.cpp, line 520]
Event: 37.281 Thread 0x000002cf0877bef0 Exception <a 'java/lang/IncompatibleClassChangeError'{0x00000000d6798648}: Found class java.lang.Object, but interface was expected> (0x00000000d6798648) 
thrown [s\src\hotspot\share\interpreter\linkResolver.cpp, line 840]
Event: 37.415 Thread 0x000002cf0877dfc0 Exception <a 'java/lang/ArrayIndexOutOfBoundsException'{0x00000000d5761a90}: Index 1776 out of bounds for length 1776> (0x00000000d5761a90) 
thrown [s\src\hotspot\share\interpreter\interpreterRuntime.cpp, line 439]
Event: 37.538 Thread 0x000002cf0877dfc0 Exception <a 'java/lang/ArrayIndexOutOfBoundsException'{0x00000000d60ea060}: Index 1776 out of bounds for length 1776> (0x00000000d60ea060) 
thrown [s\src\hotspot\share\interpreter\interpreterRuntime.cpp, line 439]

ZGC Phase Switch (0 events):
No events

VM Operations (20 events):
Event: 37.354 Executing VM operation: HandshakeAllThreads (Deoptimize)
Event: 37.354 Executing VM operation: HandshakeAllThreads (Deoptimize) done
Event: 37.361 Executing VM operation: HandshakeAllThreads (Deoptimize)
Event: 37.362 Executing VM operation: HandshakeAllThreads (Deoptimize) done
Event: 37.393 Executing VM operation: HandshakeAllThreads (Deoptimize)
Event: 37.393 Executing VM operation: HandshakeAllThreads (Deoptimize) done
Event: 37.398 Executing VM operation: HandshakeAllThreads (Deoptimize)
Event: 37.398 Executing VM operation: HandshakeAllThreads (Deoptimize) done
Event: 37.500 Executing VM operation: HandshakeAllThreads (Deoptimize)
Event: 37.500 Executing VM operation: HandshakeAllThreads (Deoptimize) done
Event: 37.535 Executing VM operation: HandshakeAllThreads (Deoptimize)
Event: 37.535 Executing VM operation: HandshakeAllThreads (Deoptimize) done
Event: 37.721 Executing VM operation: HandshakeAllThreads (Deoptimize)
Event: 37.721 Executing VM operation: HandshakeAllThreads (Deoptimize) done
Event: 37.803 Executing VM operation: ParallelGCFailedAllocation (Allocation Failure)
Event: 37.807 Executing VM operation: ParallelGCFailedAllocation (Allocation Failure) done
Event: 37.836 Executing VM operation: HandshakeAllThreads (Deoptimize)
Event: 37.837 Executing VM operation: HandshakeAllThreads (Deoptimize) done
Event: 38.836 Executing VM operation: Cleanup
Event: 38.836 Executing VM operation: Cleanup done

Memory protections (0 events):
No events

Nmethod flushes (20 events):
Event: 6.615 Thread 0x000002cea8902a30 flushing  nmethod 0x000002ceabe67890
Event: 6.615 Thread 0x000002cea8902a30 flushing  nmethod 0x000002ceabe7a010
Event: 6.615 Thread 0x000002cea8902a30 flushing  nmethod 0x000002ceabe7a910
Event: 6.615 Thread 0x000002cea8902a30 flushing  nmethod 0x000002ceabe7ad10
Event: 6.615 Thread 0x000002cea8902a30 flushing  nmethod 0x000002ceabe96090
Event: 6.615 Thread 0x000002cea8902a30 flushing  nmethod 0x000002ceabe96a10
Event: 6.615 Thread 0x000002cea8902a30 flushing  nmethod 0x000002ceabe99f90
Event: 6.615 Thread 0x000002cea8902a30 flushing  nmethod 0x000002ceabee3510
Event: 6.615 Thread 0x000002cea8902a30 flushing  nmethod 0x000002ceabee3910
Event: 6.615 Thread 0x000002cea8902a30 flushing  nmethod 0x000002ceabee4390
Event: 6.615 Thread 0x000002cea8902a30 flushing  nmethod 0x000002ceabeeab90
Event: 6.615 Thread 0x000002cea8902a30 flushing  nmethod 0x000002ceabeebe90
Event: 6.615 Thread 0x000002cea8902a30 flushing  nmethod 0x000002ceabeecc90
Event: 6.615 Thread 0x000002cea8902a30 flushing  nmethod 0x000002ceabeed590
Event: 6.615 Thread 0x000002cea8902a30 flushing  nmethod 0x000002ceabef1990
Event: 6.615 Thread 0x000002cea8902a30 flushing  nmethod 0x000002ceabef1e90
Event: 6.615 Thread 0x000002cea8902a30 flushing  nmethod 0x000002ceabef3490
Event: 6.615 Thread 0x000002cea8902a30 flushing  nmethod 0x000002ceabefd310
Event: 6.615 Thread 0x000002cea8902a30 flushing  nmethod 0x000002ceabf13f90
Event: 6.615 Thread 0x000002cea8902a30 flushing osr nmethod 0x000002ceabf68190

Events (20 events):
Event: 12.290 Thread 0x000002cf1ad67370 Thread exited: 0x000002cf1ad67370
Event: 12.291 Thread 0x000002cf1ad66650 Thread exited: 0x000002cf1ad66650
Event: 18.240 Thread 0x000002cf07f4bb90 Thread exited: 0x000002cf07f4bb90
Event: 19.206 Thread 0x000002cf091839f0 Thread exited: 0x000002cf091839f0
Event: 25.330 Thread 0x000002cea87ecdf0 Thread added: 0x000002cf16719010
Event: 26.228 Thread 0x000002cf16719010 Thread exited: 0x000002cf16719010
Event: 27.363 Thread 0x000002cf0877bef0 Thread added: 0x000002cf13b24920
Event: 30.257 Thread 0x000002cea87f2970 Thread added: 0x000002cf07f4bb90
Event: 32.078 Thread 0x000002cf07f4bb90 Thread exited: 0x000002cf07f4bb90
Event: 34.057 Thread 0x000002cea87ecdf0 Thread added: 0x000002cf06645b40
Event: 34.101 Thread 0x000002cea87f2970 Thread added: 0x000002cf01ca3aa0
Event: 34.599 Thread 0x000002cf01ca3aa0 Thread exited: 0x000002cf01ca3aa0
Event: 35.885 Thread 0x000002cf06645b40 Thread exited: 0x000002cf06645b40
Event: 36.251 Thread 0x000002cea87f2970 Thread added: 0x000002cf06645b40
Event: 36.251 Thread 0x000002cea87f2970 Thread added: 0x000002cf01ca3aa0
Event: 36.947 Thread 0x000002cf01ca3aa0 Thread exited: 0x000002cf01ca3aa0
Event: 37.262 Thread 0x000002cea87f2970 Thread added: 0x000002cf093f05b0
Event: 38.574 Thread 0x000002cf093f05b0 Thread exited: 0x000002cf093f05b0
Event: 38.575 Thread 0x000002cf06645b40 Thread exited: 0x000002cf06645b40
Event: 38.607 Thread 0x000002cea87f2970 Thread added: 0x000002cf1ad9e090


Dynamic libraries:
0x00007ff602e30000 - 0x00007ff602e3e000 	c:\Users\user\.vscode\extensions\redhat.java-1.44.0-win32-x64\jre\21.0.8-win32-x86_64\bin\java.exe
0x00007ff8a1ec0000 - 0x00007ff8a2127000 	C:\WINDOWS\SYSTEM32\ntdll.dll
0x00007ff8a0b30000 - 0x00007ff8a0bf9000 	C:\WINDOWS\System32\KERNEL32.DLL
0x00007ff89f370000 - 0x00007ff89f760000 	C:\WINDOWS\System32\KERNELBASE.dll
0x00007ff89f220000 - 0x00007ff89f36b000 	C:\WINDOWS\System32\ucrtbase.dll
0x00007ff899bc0000 - 0x00007ff899bde000 	c:\Users\user\.vscode\extensions\redhat.java-1.44.0-win32-x64\jre\21.0.8-win32-x86_64\bin\VCRUNTIME140.dll
0x00007ff898810000 - 0x00007ff898828000 	c:\Users\user\.vscode\extensions\redhat.java-1.44.0-win32-x64\jre\21.0.8-win32-x86_64\bin\jli.dll
0x00007ff8a01c0000 - 0x00007ff8a0385000 	C:\WINDOWS\System32\USER32.dll
0x00007ff887320000 - 0x00007ff8875ba000 	C:\WINDOWS\WinSxS\amd64_microsoft.windows.common-controls_6595b64144ccf1df_6.0.26100.4768_none_3e0c112ce331287c\COMCTL32.dll
0x00007ff89f9b0000 - 0x00007ff89f9d7000 	C:\WINDOWS\System32\win32u.dll
0x00007ff8a1510000 - 0x00007ff8a15b9000 	C:\WINDOWS\System32\msvcrt.dll
0x00007ff8a12c0000 - 0x00007ff8a12eb000 	C:\WINDOWS\System32\GDI32.dll
0x00007ff89fa80000 - 0x00007ff89fbb8000 	C:\WINDOWS\System32\gdi32full.dll
0x00007ff89f170000 - 0x00007ff89f213000 	C:\WINDOWS\System32\msvcp_win.dll
0x00007ff8a1e40000 - 0x00007ff8a1e6f000 	C:\WINDOWS\System32\IMM32.DLL
0x00007ff89ba40000 - 0x00007ff89ba4c000 	c:\Users\user\.vscode\extensions\redhat.java-1.44.0-win32-x64\jre\21.0.8-win32-x86_64\bin\vcruntime140_1.dll
0x00007ff83b060000 - 0x00007ff83b0ed000 	c:\Users\user\.vscode\extensions\redhat.java-1.44.0-win32-x64\jre\21.0.8-win32-x86_64\bin\msvcp140.dll
0x00007ff815fa0000 - 0x00007ff816d37000 	c:\Users\user\.vscode\extensions\redhat.java-1.44.0-win32-x64\jre\21.0.8-win32-x86_64\bin\server\jvm.dll
0x00007ff8a1200000 - 0x00007ff8a12b4000 	C:\WINDOWS\System32\ADVAPI32.dll
0x00007ff8a0890000 - 0x00007ff8a0936000 	C:\WINDOWS\System32\sechost.dll
0x00007ff8a13f0000 - 0x00007ff8a1508000 	C:\WINDOWS\System32\RPCRT4.dll
0x00007ff8a04d0000 - 0x00007ff8a0544000 	C:\WINDOWS\System32\WS2_32.dll
0x00007ff888190000 - 0x00007ff8881c5000 	C:\WINDOWS\SYSTEM32\WINMM.dll
0x00007ff89ee50000 - 0x00007ff89eeae000 	C:\WINDOWS\SYSTEM32\POWRPROF.dll
0x00007ff88e5f0000 - 0x00007ff88e5fb000 	C:\WINDOWS\SYSTEM32\VERSION.dll
0x00007ff89ee30000 - 0x00007ff89ee44000 	C:\WINDOWS\SYSTEM32\UMPDC.dll
0x00007ff89dd00000 - 0x00007ff89dd1b000 	C:\WINDOWS\SYSTEM32\kernel.appcore.dll
0x00007ff898270000 - 0x00007ff89827a000 	c:\Users\user\.vscode\extensions\redhat.java-1.44.0-win32-x64\jre\21.0.8-win32-x86_64\bin\jimage.dll
0x00007ff89c6b0000 - 0x00007ff89c8f1000 	C:\WINDOWS\SYSTEM32\DBGHELP.DLL
0x00007ff89fc60000 - 0x00007ff89ffe5000 	C:\WINDOWS\System32\combase.dll
0x00007ff8a05d0000 - 0x00007ff8a06b0000 	C:\WINDOWS\System32\OLEAUT32.dll
0x00007ff8841c0000 - 0x00007ff884203000 	C:\WINDOWS\SYSTEM32\dbgcore.DLL
0x00007ff89f9e0000 - 0x00007ff89fa79000 	C:\WINDOWS\System32\bcryptPrimitives.dll
0x00007ff896740000 - 0x00007ff89674f000 	c:\Users\user\.vscode\extensions\redhat.java-1.44.0-win32-x64\jre\21.0.8-win32-x86_64\bin\instrument.dll
0x00007ff896700000 - 0x00007ff89671f000 	c:\Users\user\.vscode\extensions\redhat.java-1.44.0-win32-x64\jre\21.0.8-win32-x86_64\bin\java.dll
0x00007ff8a16f0000 - 0x00007ff8a1e3d000 	C:\WINDOWS\System32\SHELL32.dll
0x00007ff89eff0000 - 0x00007ff89f163000 	C:\WINDOWS\System32\wintypes.dll
0x00007ff89cb80000 - 0x00007ff89d3e0000 	C:\WINDOWS\SYSTEM32\windows.storage.dll
0x00007ff8a12f0000 - 0x00007ff8a13e5000 	C:\WINDOWS\System32\SHCORE.dll
0x00007ff8a0560000 - 0x00007ff8a05ca000 	C:\WINDOWS\System32\shlwapi.dll
0x00007ff89ef10000 - 0x00007ff89ef39000 	C:\WINDOWS\SYSTEM32\profapi.dll
0x00007ff891410000 - 0x00007ff891428000 	c:\Users\user\.vscode\extensions\redhat.java-1.44.0-win32-x64\jre\21.0.8-win32-x86_64\bin\zip.dll
0x00007ff891400000 - 0x00007ff891410000 	C:\Users\user\.vscode\extensions\redhat.java-1.44.0-win32-x64\jre\21.0.8-win32-x86_64\bin\net.dll
0x00007ff895ed0000 - 0x00007ff895fee000 	C:\WINDOWS\SYSTEM32\WINHTTP.dll
0x00007ff89e270000 - 0x00007ff89e2db000 	C:\WINDOWS\system32\mswsock.dll
0x00007ff87d4d0000 - 0x00007ff87d4e6000 	C:\Users\user\.vscode\extensions\redhat.java-1.44.0-win32-x64\jre\21.0.8-win32-x86_64\bin\nio.dll
0x00007ff88ed80000 - 0x00007ff88ed90000 	c:\Users\user\.vscode\extensions\redhat.java-1.44.0-win32-x64\jre\21.0.8-win32-x86_64\bin\verify.dll
0x00007ff868b70000 - 0x00007ff868bb5000 	C:\Users\user\AppData\Roaming\Code\User\globalStorage\redhat.java\1.44.0\config_ss_win\org.eclipse.equinox.launcher\org.eclipse.equinox.launcher.win32.win32.x86_64_1.2.1400.v20250730-1736\eclipse_11913.dll
0x00007ff89fff0000 - 0x00007ff8a0190000 	C:\WINDOWS\System32\ole32.dll
0x00007ff89e650000 - 0x00007ff89e66b000 	C:\WINDOWS\SYSTEM32\CRYPTSP.dll
0x00007ff89dc60000 - 0x00007ff89dc9b000 	C:\WINDOWS\system32\rsaenh.dll
0x00007ff89e310000 - 0x00007ff89e33b000 	C:\WINDOWS\SYSTEM32\USERENV.dll
0x00007ff89eee0000 - 0x00007ff89ef06000 	C:\WINDOWS\SYSTEM32\bcrypt.dll
0x00007ff89e4b0000 - 0x00007ff89e4bc000 	C:\WINDOWS\SYSTEM32\CRYPTBASE.dll
0x00007ff89d7a0000 - 0x00007ff89d7d3000 	C:\WINDOWS\SYSTEM32\IPHLPAPI.DLL
0x00007ff8a0550000 - 0x00007ff8a055a000 	C:\WINDOWS\System32\NSI.dll
0x00007ff83b010000 - 0x00007ff83b059000 	C:\Users\user\AppData\Local\Temp\jna-3599307\jna8470082736143409579.dll
0x00007ff8a04c0000 - 0x00007ff8a04c8000 	C:\WINDOWS\System32\PSAPI.DLL
0x00007ff898710000 - 0x00007ff89872f000 	C:\WINDOWS\SYSTEM32\dhcpcsvc6.DLL
0x00007ff8963e0000 - 0x00007ff896405000 	C:\WINDOWS\SYSTEM32\dhcpcsvc.DLL

JVMTI agents:
c:\Users\user\.vscode\extensions\redhat.java-1.44.0-win32-x64\lombok\lombok-1.18.39-4050.jar path:c:\Users\user\.vscode\extensions\redhat.java-1.44.0-win32-x64\jre\21.0.8-win32-x86_64\bin\instrument.dll, loaded, initialized, instrumentlib options:none

dbghelp: loaded successfully - version: 4.0.5 - missing functions: none
symbol engine: initialized successfully - sym options: 0x614 - pdb path: .;c:\Users\user\.vscode\extensions\redhat.java-1.44.0-win32-x64\jre\21.0.8-win32-x86_64\bin;C:\WINDOWS\SYSTEM32;C:\WINDOWS\WinSxS\amd64_microsoft.windows.common-controls_6595b64144ccf1df_6.0.26100.4768_none_3e0c112ce331287c;c:\Users\user\.vscode\extensions\redhat.java-1.44.0-win32-x64\jre\21.0.8-win32-x86_64\bin\server;C:\Users\user\AppData\Roaming\Code\User\globalStorage\redhat.java\1.44.0\config_ss_win\org.eclipse.equinox.launcher\org.eclipse.equinox.launcher.win32.win32.x86_64_1.2.1400.v20250730-1736;C:\Users\user\AppData\Local\Temp\jna-3599307

VM Arguments:
jvm_args: --add-modules=ALL-SYSTEM --add-opens=java.base/java.util=ALL-UNNAMED --add-opens=java.base/java.lang=ALL-UNNAMED --add-opens=java.base/sun.nio.fs=ALL-UNNAMED -Declipse.application=org.eclipse.jdt.ls.core.id1 -Dosgi.bundles.defaultStartLevel=4 -Declipse.product=org.eclipse.jdt.ls.core.product -Djava.import.generatesMetadataFilesAtProjectRoot=false -DDetectVMInstallationsJob.disabled=true -Dfile.encoding=utf8 -XX:+UseParallelGC -XX:GCTimeRatio=4 -XX:AdaptiveSizePolicyWeight=90 -Dsun.zip.disableMemoryMapping=true -Xmx2G -Xms100m -Xlog:disable -javaagent:c:\Users\user\.vscode\extensions\redhat.java-1.44.0-win32-x64\lombok\lombok-1.18.39-4050.jar 
java_command: c:\Users\user\.vscode\extensions\redhat.java-1.44.0-win32-x64\server\plugins\org.eclipse.equinox.launcher_1.7.0.v20250519-0528.jar -configuration c:\Users\user\AppData\Roaming\Code\User\globalStorage\redhat.java\1.44.0\config_ss_win -data c:\Users\user\AppData\Roaming\Code\User\workspaceStorage\67c907b24025bc3e49e0e7e52a19d49d\redhat.java\ss_ws --pipe=\\.\pipe\lsp-5b4bc7f1862eec79e44ca0280e2e3867-sock
java_class_path (initial): c:\Users\user\.vscode\extensions\redhat.java-1.44.0-win32-x64\server\plugins\org.eclipse.equinox.launcher_1.7.0.v20250519-0528.jar
Launcher Type: SUN_STANDARD

[Global flags]
    uintx AdaptiveSizePolicyWeight                 = 90                                        {product} {command line}
     intx CICompilerCount                          = 4                                         {product} {ergonomic}
    uintx GCTimeRatio                              = 4                                         {product} {command line}
   size_t InitialHeapSize                          = 104857600                                 {product} {command line}
   size_t MaxHeapSize                              = 2147483648                                {product} {command line}
   size_t MaxNewSize                               = 715653120                                 {product} {ergonomic}
   size_t MinHeapDeltaBytes                        = 524288                                    {product} {ergonomic}
   size_t MinHeapSize                              = 104857600                                 {product} {command line}
   size_t NewSize                                  = 34603008                                  {product} {ergonomic}
    uintx NonNMethodCodeHeapSize                   = 5839372                                {pd product} {ergonomic}
    uintx NonProfiledCodeHeapSize                  = 122909434                              {pd product} {ergonomic}
   size_t OldSize                                  = 70254592                                  {product} {ergonomic}
    uintx ProfiledCodeHeapSize                     = 122909434                              {pd product} {ergonomic}
    uintx ReservedCodeCacheSize                    = 251658240                              {pd product} {ergonomic}
     bool SegmentedCodeCache                       = true                                      {product} {ergonomic}
   size_t SoftMaxHeapSize                          = 2147483648                             {manageable} {ergonomic}
     bool UseCompressedOops                        = true                           {product lp64_product} {ergonomic}
     bool UseLargePagesIndividualAllocation        = false                                  {pd product} {ergonomic}
     bool UseParallelGC                            = true                                      {product} {command line}

Logging:
Log output configuration:
 #0: stdout all=off uptime,level,tags foldmultilines=false
 #1: stderr all=off uptime,level,tags foldmultilines=false

Environment Variables:
JAVA_HOME=C:\Program Files\Java\jdk-21
PATH=C:\Program Files\Java\jdk-21\bin;C:\Program Files\Common Files\Oracle\Java\javapath;C:\Program Files (x86)\Common Files\Oracle\Java\java8path;C:\Program Files (x86)\Common Files\Oracle\Java\javapath;C:\WINDOWS\system32;C:\WINDOWS;C:\WINDOWS\System32\Wbem;C:\WINDOWS\System32\WindowsPowerShell\v1.0\;C:\WINDOWS\System32\OpenSSH\;C:\Program Files\Microsoft SQL Server\Client SDK\ODBC\110\Tools\Binn\;C:\ProgramData\chocolatey\bin;D:\Git\cmd;C:\Program Files\Java\jdk-20\bin;C:\Program Files\Docker\Docker\resources\bin;C:\Program Files\Microsoft SQL Server\Client SDK\ODBC\170\Tools\Binn\;C:\sqlite3;C:\Program Files (x86)\Microsoft SQL Server\160\Tools\Binn\;C:\Program Files\Microsoft SQL Server\160\Tools\Binn\;C:\Program Files\Microsoft SQL Server\160\DTS\Binn\;C:\Program Files\dotnet\;C:\Python311;C:\ProgramData\ComposerSetup\bin;D:\nodejs\;C:\Program Files\Amazon\AWSCLIV2\;C:\WINDOWS\system32;C:\WINDOWS;C:\WINDOWS\System32\Wbem;C:\WINDOWS\System32\WindowsPowerShell\v1.0\;C:\WINDOWS\System32\OpenSSH\;C:\Program Files\Maven\apache-maven-3.9.10\bin;C:\Program Files\Microsoft SQL Server\120\DTS\Binn\;C:\Program Files (x86)\Microsoft SQL Server\120\Tools\Binn\;C:\Program Files\Microsoft SQL Server\120\Tools\Binn\;C:\Program Files (x86)\Microsoft SQL Server\120\Tools\Binn\ManagementStudio\;C:\Program Files (x86)\Microsoft SQL Server\120\DTS\Binn\;C:\Program Files (x86)\Microsoft SQL Server\160\DTS\Binn\;C:\Program Files\Azure Data Studio\bin;C:\Users\user\AppData\Local\Programs\Python\Python313\Scripts\;C:\Users\user\AppData\Local\Programs\Python\Python313\;C:\Users\user\AppData\Local\Programs\Python\Launcher\;C:\Users\user\AppData\Local\Microsoft\WindowsApps;C:\Users\user\.dotnet\tools;D:\XAMPP\php;C:\Users\user\AppData\Roaming\Composer\vendor\bin;C:\Users\user\Scripts;C:\Users\user\AppData\Roaming\npm;C:\Users\user\AppData\Local\Programs\Microsoft VS Code\bin;C:\Program Files\Azure Data Studio\bin
USERNAME=user
OS=Windows_NT
PROCESSOR_IDENTIFIER=Intel64 Family 6 Model 142 Stepping 12, GenuineIntel
TMP=C:\Users\user\AppData\Local\Temp
TEMP=C:\Users\user\AppData\Local\Temp




Periodic native trim disabled

---------------  S Y S T E M  ---------------

OS:
 Windows 11 , 64 bit Build 26100 (10.0.26100.4768)
OS uptime: 11 days 10:52 hours
Hyper-V role detected

CPU: total 8 (initial active 8) (4 cores per cpu, 2 threads per core) family 6 model 142 stepping 12 microcode 0xf4, cx8, cmov, fxsr, ht, mmx, 3dnowpref, sse, sse2, sse3, ssse3, sse4.1, sse4.2, popcnt, lzcnt, tsc, tscinvbit, avx, avx2, aes, erms, clmul, bmi1, bmi2, adx, fma, vzeroupper, clflush, clflushopt, hv, rdtscp, f16c
Processor Information for the first 8 processors :
  Max Mhz: 2112, Current Mhz: 1609, Mhz Limit: 1605

Memory: 4k page, system-wide physical 8025M (811M free)
TotalPageFile size 12121M (AvailPageFile size 5M)
current process WorkingSet (physical memory assigned to process): 286M, peak: 422M
current process commit charge ("private bytes"): 365M, peak: 528M

vm_info: OpenJDK 64-Bit Server VM (21.0.8+9-LTS) for windows-amd64 JRE (21.0.8+9-LTS), built on 2025-07-15T00:00:00Z by "admin" with MS VC++ 17.7 (VS2022)

END.
