#
# There is insufficient memory for the Java Runtime Environment to continue.
# Native memory allocation (malloc) failed to allocate 1497600 bytes. Error detail: Chunk::new
# Possible reasons:
#   The system is out of physical RAM or swap space
#   This process is running with CompressedOops enabled, and the Java Heap may be blocking the growth of the native heap
# Possible solutions:
#   Reduce memory load on the system
#   Increase physical memory or swap space
#   Check if swap backing store is full
#   Decrease Java heap size (-Xmx/-Xms)
#   Decrease number of Java threads
#   Decrease Java thread stack sizes (-Xss)
#   Set larger code cache with -XX:ReservedCodeCacheSize=
#   JVM is running with Unscaled Compressed Oops mode in which the Java heap is
#     placed in the first 4GB address space. The Java Heap base address is the
#     maximum limit for the native heap growth. Please use -XX:HeapBaseMinAddress
#     to set the Java Heap base and to place the Java Heap above 4GB virtual address.
# This output file may be truncated or incomplete.
#
#  Out of Memory Error (arena.cpp:168), pid=21996, tid=584
#
# JRE version: OpenJDK Runtime Environment Temurin-21.0.8+9 (21.0.8+9) (build 21.0.8+9-LTS)
# Java VM: OpenJDK 64-Bit Server VM Temurin-21.0.8+9 (21.0.8+9-LTS, mixed mode, sharing, tiered, compressed oops, compressed class ptrs, parallel gc, windows-amd64)
# No core dump will be written. Minidumps are not enabled by default on client versions of Windows
#

---------------  S U M M A R Y ------------

Command Line: --add-modules=ALL-SYSTEM --add-opens=java.base/java.util=ALL-UNNAMED --add-opens=java.base/java.lang=ALL-UNNAMED --add-opens=java.base/sun.nio.fs=ALL-UNNAMED -Declipse.application=org.eclipse.jdt.ls.core.id1 -Dosgi.bundles.defaultStartLevel=4 -Declipse.product=org.eclipse.jdt.ls.core.product -Djava.import.generatesMetadataFilesAtProjectRoot=false -DDetectVMInstallationsJob.disabled=true -Dfile.encoding=utf8 -XX:+UseParallelGC -XX:GCTimeRatio=4 -XX:AdaptiveSizePolicyWeight=90 -Dsun.zip.disableMemoryMapping=true -Xmx2G -Xms100m -Xlog:disable -javaagent:c:\Users\user\.vscode\extensions\redhat.java-1.44.0-win32-x64\lombok\lombok-1.18.39-4050.jar -XX:+HeapDumpOnOutOfMemoryError -XX:HeapDumpPath=c:\Users\user\AppData\Roaming\Code\User\workspaceStorage\67c907b24025bc3e49e0e7e52a19d49d\redhat.java -Daether.dependencyCollector.impl=bf c:\Users\user\.vscode\extensions\redhat.java-1.44.0-win32-x64\server\plugins\org.eclipse.equinox.launcher_1.7.0.v20250519-0528.jar -configuration c:\Users\user\AppData\Roaming\Code\User\globalStorage\redhat.java\1.44.0\config_win -data c:\Users\user\AppData\Roaming\Code\User\workspaceStorage\67c907b24025bc3e49e0e7e52a19d49d\redhat.java\jdt_ws --pipe=\\.\pipe\lsp-1adb0134d2927300513c001477480b85-sock

Host: Intel(R) Core(TM) i5-10210U CPU @ 1.60GHz, 8 cores, 7G,  Windows 11 , 64 bit Build 26100 (10.0.26100.4768)
Time: Fri Aug 29 23:00:54 2025 Middle East Daylight Time elapsed time: 88.318556 seconds (0d 0h 1m 28s)

---------------  T H R E A D  ---------------

Current thread (0x000001f2f7e676e0):  JavaThread "C2 CompilerThread1" daemon [_thread_in_native, id=584, stack(0x0000001383800000,0x0000001383900000) (1024K)]


Current CompileTask:
C2:88318 16624 %s!   4       org.eclipse.jdt.internal.core.index.DiskIndex::readCategoryTable @ 260 (743 bytes)

Stack: [0x0000001383800000,0x0000001383900000]
Native frames: (J=compiled Java code, j=interpreted, Vv=VM code, C=native code)
V  [jvm.dll+0x6d2449]
V  [jvm.dll+0x8ae341]
V  [jvm.dll+0x8b08be]
V  [jvm.dll+0x8b0fa3]
V  [jvm.dll+0x280c96]
V  [jvm.dll+0xc581d]
V  [jvm.dll+0xc5d53]
V  [jvm.dll+0x3b919c]
V  [jvm.dll+0x1e1409]
V  [jvm.dll+0x249022]
V  [jvm.dll+0x2484af]
V  [jvm.dll+0x1c89ee]
V  [jvm.dll+0x257d4d]
V  [jvm.dll+0x2562ea]
V  [jvm.dll+0x3f2d16]
V  [jvm.dll+0x857e6b]
V  [jvm.dll+0x6d0b0d]
C  [ucrtbase.dll+0x37b0]
C  [KERNEL32.DLL+0x2e8d7]
C  [ntdll.dll+0x3c34c]


---------------  P R O C E S S  ---------------

Threads class SMR info:
_java_thread_list=0x000001f2f85daec0, length=71, elements={
0x000001f295673bd0, 0x000001f29572c660, 0x000001f29572e7d0, 0x000001f2ed1c7630,
0x000001f2ed1c8280, 0x000001f2ed1ca560, 0x000001f2ed1cd3d0, 0x000001f2ed1d16c0,
0x000001f2ed1d6760, 0x000001f2956e3bd0, 0x000001f2eed95c30, 0x000001f2f3a4adf0,
0x000001f2f32a02b0, 0x000001f2f3728ad0, 0x000001f2f36d3dd0, 0x000001f2f3ea3940,
0x000001f2f3c2d140, 0x000001f2f3abe2c0, 0x000001f2f3abd5a0, 0x000001f2f3abc1f0,
0x000001f2f3abf670, 0x000001f2f3abefe0, 0x000001f2f3abc880, 0x000001f2f3abe950,
0x000001f2f3abdc30, 0x000001f2f3abcf10, 0x000001f2f46561f0, 0x000001f2f4656880,
0x000001f2f4655b60, 0x000001f2f4656f10, 0x000001f2f46575a0, 0x000001f2f4657c30,
0x000001f2f46582c0, 0x000001f2f4654e40, 0x000001f2f46554d0, 0x000001f2f46547b0,
0x000001f2f4659670, 0x000001f2f465a390, 0x000001f2f465b0b0, 0x000001f2f4658fe0,
0x000001f2f465b740, 0x000001f2f465bdd0, 0x000001f2f5168630, 0x000001f2f5165840,
0x000001f2f5167910, 0x000001f2f5167fa0, 0x000001f2f51651b0, 0x000001f2f5166560,
0x000001f2f5169350, 0x000001f2f5167280, 0x000001f2f5168cc0, 0x000001f2f516b420,
0x000001f2f516ad90, 0x000001f2f51699e0, 0x000001f2f516c140, 0x000001f2f516c7d0,
0x000001f2f516a070, 0x000001f2f516a700, 0x000001f2f3232270, 0x000001f2f3231be0,
0x000001f2f3230830, 0x000001f2f322edf0, 0x000001f2f3232900, 0x000001f2f3232f90,
0x000001f2f322fb10, 0x000001f2f3233620, 0x000001f2f3235d80, 0x000001f2f3234340,
0x000001f2f3236410, 0x000001f2f7e676e0, 0x000001f2f7e68480
}

Java Threads: ( => current thread )
  0x000001f295673bd0 JavaThread "main"                              [_thread_blocked, id=21104, stack(0x0000001383b00000,0x0000001383c00000) (1024K)]
  0x000001f29572c660 JavaThread "Reference Handler"          daemon [_thread_blocked, id=22216, stack(0x0000001383f00000,0x0000001384000000) (1024K)]
  0x000001f29572e7d0 JavaThread "Finalizer"                  daemon [_thread_blocked, id=18708, stack(0x0000001384000000,0x0000001384100000) (1024K)]
  0x000001f2ed1c7630 JavaThread "Signal Dispatcher"          daemon [_thread_blocked, id=19720, stack(0x0000001384100000,0x0000001384200000) (1024K)]
  0x000001f2ed1c8280 JavaThread "Attach Listener"            daemon [_thread_blocked, id=16804, stack(0x0000001384200000,0x0000001384300000) (1024K)]
  0x000001f2ed1ca560 JavaThread "Service Thread"             daemon [_thread_blocked, id=6652, stack(0x0000001384300000,0x0000001384400000) (1024K)]
  0x000001f2ed1cd3d0 JavaThread "Monitor Deflation Thread"   daemon [_thread_blocked, id=10108, stack(0x0000001384400000,0x0000001384500000) (1024K)]
  0x000001f2ed1d16c0 JavaThread "C2 CompilerThread0"         daemon [_thread_in_native, id=22336, stack(0x0000001384500000,0x0000001384600000) (1024K)]
  0x000001f2ed1d6760 JavaThread "C1 CompilerThread0"         daemon [_thread_blocked, id=7308, stack(0x0000001384600000,0x0000001384700000) (1024K)]
  0x000001f2956e3bd0 JavaThread "Common-Cleaner"             daemon [_thread_blocked, id=6096, stack(0x0000001384700000,0x0000001384800000) (1024K)]
  0x000001f2eed95c30 JavaThread "Notification Thread"        daemon [_thread_blocked, id=4680, stack(0x0000001384900000,0x0000001384a00000) (1024K)]
  0x000001f2f3a4adf0 JavaThread "Active Thread: Equinox Container: 0607eff3-ebd4-4ffe-b548-9b5fa42e8793"        [_thread_blocked, id=3360, stack(0x0000001385100000,0x0000001385200000) (1024K)]
  0x000001f2f32a02b0 JavaThread "Refresh Thread: Equinox Container: 0607eff3-ebd4-4ffe-b548-9b5fa42e8793" daemon [_thread_blocked, id=21492, stack(0x0000001385300000,0x0000001385400000) (1024K)]
  0x000001f2f3728ad0 JavaThread "Framework Event Dispatcher: Equinox Container: 0607eff3-ebd4-4ffe-b548-9b5fa42e8793" daemon [_thread_blocked, id=18296, stack(0x0000001385400000,0x0000001385500000) (1024K)]
  0x000001f2f36d3dd0 JavaThread "Start Level: Equinox Container: 0607eff3-ebd4-4ffe-b548-9b5fa42e8793" daemon [_thread_blocked, id=7448, stack(0x0000001385500000,0x0000001385600000) (1024K)]
  0x000001f2f3ea3940 JavaThread "Bundle File Closer"         daemon [_thread_blocked, id=3212, stack(0x0000001385600000,0x0000001385700000) (1024K)]
  0x000001f2f3c2d140 JavaThread "SCR Component Actor"        daemon [_thread_blocked, id=9308, stack(0x0000001384a00000,0x0000001384b00000) (1024K)]
  0x000001f2f3abe2c0 JavaThread "Worker-JM"                         [_thread_blocked, id=18860, stack(0x0000001385800000,0x0000001385900000) (1024K)]
  0x000001f2f3abd5a0 JavaThread "JNA Cleaner"                daemon [_thread_blocked, id=18680, stack(0x0000001385900000,0x0000001385a00000) (1024K)]
  0x000001f2f3abc1f0 JavaThread "Worker-0"                          [_thread_blocked, id=23308, stack(0x0000001385a00000,0x0000001385b00000) (1024K)]
  0x000001f2f3abf670 JavaThread "Worker-1"                          [_thread_blocked, id=10592, stack(0x0000001385b00000,0x0000001385c00000) (1024K)]
  0x000001f2f3abefe0 JavaThread "Java indexing"              daemon [_thread_blocked, id=1360, stack(0x0000001385d00000,0x0000001385e00000) (1024K)]
  0x000001f2f3abc880 JavaThread "Worker-2"                          [_thread_blocked, id=17976, stack(0x0000001385e00000,0x0000001385f00000) (1024K)]
  0x000001f2f3abe950 JavaThread "Worker-3"                          [_thread_blocked, id=22204, stack(0x0000001386000000,0x0000001386100000) (1024K)]
  0x000001f2f3abdc30 JavaThread "Worker-4"                          [_thread_blocked, id=20988, stack(0x0000001386100000,0x0000001386200000) (1024K)]
  0x000001f2f3abcf10 JavaThread "Thread-2"                   daemon [_thread_in_native, id=6016, stack(0x0000001386200000,0x0000001386300000) (1024K)]
  0x000001f2f46561f0 JavaThread "Thread-3"                   daemon [_thread_in_native, id=22132, stack(0x0000001386300000,0x0000001386400000) (1024K)]
  0x000001f2f4656880 JavaThread "Thread-4"                   daemon [_thread_in_native, id=17360, stack(0x0000001386400000,0x0000001386500000) (1024K)]
  0x000001f2f4655b60 JavaThread "Thread-5"                   daemon [_thread_in_native, id=13556, stack(0x0000001386500000,0x0000001386600000) (1024K)]
  0x000001f2f4656f10 JavaThread "Thread-6"                   daemon [_thread_in_native, id=10832, stack(0x0000001386600000,0x0000001386700000) (1024K)]
  0x000001f2f46575a0 JavaThread "Thread-7"                   daemon [_thread_in_native, id=18316, stack(0x0000001386700000,0x0000001386800000) (1024K)]
  0x000001f2f4657c30 JavaThread "Thread-8"                   daemon [_thread_in_native, id=2520, stack(0x0000001386800000,0x0000001386900000) (1024K)]
  0x000001f2f46582c0 JavaThread "Thread-9"                   daemon [_thread_in_native, id=11752, stack(0x0000001386900000,0x0000001386a00000) (1024K)]
  0x000001f2f4654e40 JavaThread "Thread-10"                  daemon [_thread_in_native, id=16088, stack(0x0000001386a00000,0x0000001386b00000) (1024K)]
  0x000001f2f46554d0 JavaThread "pool-2-thread-1"                   [_thread_blocked, id=5728, stack(0x0000001386c00000,0x0000001386d00000) (1024K)]
  0x000001f2f46547b0 JavaThread "WorkspaceEventsHandler"            [_thread_blocked, id=12556, stack(0x0000001385700000,0x0000001385800000) (1024K)]
  0x000001f2f4659670 JavaThread "pool-1-thread-1"                   [_thread_blocked, id=2636, stack(0x0000001386d00000,0x0000001386e00000) (1024K)]
  0x000001f2f465a390 JavaThread "Worker-5"                          [_thread_blocked, id=9884, stack(0x0000001386e00000,0x0000001386f00000) (1024K)]
  0x000001f2f465b0b0 JavaThread "LocalFile Deleter"          daemon [_thread_blocked, id=17836, stack(0x0000001387000000,0x0000001387100000) (1024K)]
  0x000001f2f4658fe0 JavaThread "LocalFile Deleter"          daemon [_thread_blocked, id=16096, stack(0x0000001387100000,0x0000001387200000) (1024K)]
  0x000001f2f465b740 JavaThread "LocalFile Deleter"          daemon [_thread_blocked, id=18508, stack(0x0000001387200000,0x0000001387300000) (1024K)]
  0x000001f2f465bdd0 JavaThread "LocalFile Deleter"          daemon [_thread_blocked, id=15432, stack(0x0000001387300000,0x0000001387400000) (1024K)]
  0x000001f2f5168630 JavaThread "LocalFile Deleter"          daemon [_thread_blocked, id=896, stack(0x0000001387400000,0x0000001387500000) (1024K)]
  0x000001f2f5165840 JavaThread "LocalFile Deleter"          daemon [_thread_blocked, id=15632, stack(0x0000001387500000,0x0000001387600000) (1024K)]
  0x000001f2f5167910 JavaThread "LocalFile Deleter"          daemon [_thread_blocked, id=5124, stack(0x0000001387600000,0x0000001387700000) (1024K)]
  0x000001f2f5167fa0 JavaThread "Compiler Source File Reader" daemon [_thread_blocked, id=5404, stack(0x0000001387700000,0x0000001387800000) (1024K)]
  0x000001f2f51651b0 JavaThread "Compiler Source File Reader" daemon [_thread_blocked, id=11716, stack(0x0000001387800000,0x0000001387900000) (1024K)]
  0x000001f2f5166560 JavaThread "Compiler Source File Reader" daemon [_thread_blocked, id=1860, stack(0x0000001387900000,0x0000001387a00000) (1024K)]
  0x000001f2f5169350 JavaThread "Compiler Source File Reader" daemon [_thread_blocked, id=2136, stack(0x0000001387a00000,0x0000001387b00000) (1024K)]
  0x000001f2f5167280 JavaThread "Compiler Source File Reader" daemon [_thread_blocked, id=20600, stack(0x0000001387b00000,0x0000001387c00000) (1024K)]
  0x000001f2f5168cc0 JavaThread "Compiler Source File Reader" daemon [_thread_blocked, id=16064, stack(0x0000001387c00000,0x0000001387d00000) (1024K)]
  0x000001f2f516b420 JavaThread "Compiler Processing Task"   daemon [_thread_blocked, id=11116, stack(0x0000001387d00000,0x0000001387e00000) (1024K)]
  0x000001f2f516ad90 JavaThread "Compiler Class File Writer" daemon [_thread_blocked, id=19952, stack(0x0000001387e00000,0x0000001387f00000) (1024K)]
  0x000001f2f51699e0 JavaThread "Compiler Class File Writer" daemon [_thread_blocked, id=12436, stack(0x0000001387f00000,0x0000001388000000) (1024K)]
  0x000001f2f516c140 JavaThread "Compiler Class File Writer" daemon [_thread_blocked, id=11272, stack(0x0000001388000000,0x0000001388100000) (1024K)]
  0x000001f2f516c7d0 JavaThread "Compiler Class File Writer" daemon [_thread_blocked, id=18520, stack(0x0000001388100000,0x0000001388200000) (1024K)]
  0x000001f2f516a070 JavaThread "Compiler Class File Writer" daemon [_thread_blocked, id=14244, stack(0x0000001388200000,0x0000001388300000) (1024K)]
  0x000001f2f516a700 JavaThread "Compiler Class File Writer" daemon [_thread_blocked, id=5196, stack(0x0000001388300000,0x0000001388400000) (1024K)]
  0x000001f2f3232270 JavaThread "ForkJoinPool.commonPool-worker-1" daemon [_thread_blocked, id=4768, stack(0x0000001384800000,0x0000001384900000) (1024K)]
  0x000001f2f3231be0 JavaThread "ForkJoinPool.commonPool-worker-2" daemon [_thread_blocked, id=10772, stack(0x0000001386b00000,0x0000001386c00000) (1024K)]
  0x000001f2f3230830 JavaThread "ForkJoinPool.commonPool-worker-3" daemon [_thread_blocked, id=13156, stack(0x0000001388400000,0x0000001388500000) (1024K)]
  0x000001f2f322edf0 JavaThread "ForkJoinPool.commonPool-worker-4" daemon [_thread_blocked, id=14512, stack(0x0000001388500000,0x0000001388600000) (1024K)]
  0x000001f2f3232900 JavaThread "ForkJoinPool.commonPool-worker-5" daemon [_thread_blocked, id=16996, stack(0x0000001388600000,0x0000001388700000) (1024K)]
  0x000001f2f3232f90 JavaThread "ForkJoinPool.commonPool-worker-6" daemon [_thread_blocked, id=15092, stack(0x0000001388700000,0x0000001388800000) (1024K)]
  0x000001f2f322fb10 JavaThread "ForkJoinPool.commonPool-worker-7" daemon [_thread_blocked, id=9988, stack(0x0000001388800000,0x0000001388900000) (1024K)]
  0x000001f2f3233620 JavaThread "Worker-6"                          [_thread_blocked, id=20520, stack(0x0000001388b00000,0x0000001388c00000) (1024K)]
  0x000001f2f3235d80 JavaThread "Worker-7"                          [_thread_blocked, id=13384, stack(0x0000001388c00000,0x0000001388d00000) (1024K)]
  0x000001f2f3234340 JavaThread "Cleaner-0"                  daemon [_thread_blocked, id=21880, stack(0x0000001383a00000,0x0000001383b00000) (1024K)]
  0x000001f2f3236410 JavaThread "pool-1-thread-2"                   [_thread_blocked, id=12248, stack(0x0000001388900000,0x0000001388a00000) (1024K)]
=>0x000001f2f7e676e0 JavaThread "C2 CompilerThread1"         daemon [_thread_in_native, id=584, stack(0x0000001383800000,0x0000001383900000) (1024K)]
  0x000001f2f7e68480 JavaThread "C2 CompilerThread2"         daemon [_thread_in_native, id=20488, stack(0x0000001383900000,0x0000001383a00000) (1024K)]
Total: 71

Other Threads:
  0x000001f2934be8f0 VMThread "VM Thread"                           [id=9636, stack(0x0000001383e00000,0x0000001383f00000) (1024K)]
  0x000001f2ed0dca00 WatcherThread "VM Periodic Task Thread"        [id=23504, stack(0x0000001383d00000,0x0000001383e00000) (1024K)]
  0x000001f295693470 WorkerThread "GC Thread#0"                     [id=21164, stack(0x0000001383c00000,0x0000001383d00000) (1024K)]
  0x000001f2f3817830 WorkerThread "GC Thread#1"                     [id=20828, stack(0x0000001384b00000,0x0000001384c00000) (1024K)]
  0x000001f2f3817bd0 WorkerThread "GC Thread#2"                     [id=12216, stack(0x0000001384c00000,0x0000001384d00000) (1024K)]
  0x000001f2f3706840 WorkerThread "GC Thread#3"                     [id=9872, stack(0x0000001384d00000,0x0000001384e00000) (1024K)]
  0x000001f2f3706be0 WorkerThread "GC Thread#4"                     [id=13464, stack(0x0000001384e00000,0x0000001384f00000) (1024K)]
  0x000001f2f32d8e40 WorkerThread "GC Thread#5"                     [id=2196, stack(0x0000001384f00000,0x0000001385000000) (1024K)]
  0x000001f2f32d91e0 WorkerThread "GC Thread#6"                     [id=10324, stack(0x0000001385000000,0x0000001385100000) (1024K)]
  0x000001f2eeda2550 WorkerThread "GC Thread#7"                     [id=10192, stack(0x0000001385200000,0x0000001385300000) (1024K)]
Total: 10

Threads with active compile tasks:
C2 CompilerThread0  88373 16751       4       org.eclipse.jdt.internal.compiler.classfmt.ModuleInfo::readModuleAttribute (1166 bytes)
C2 CompilerThread1  88373 16624 %s!   4       org.eclipse.jdt.internal.core.index.DiskIndex::readCategoryTable @ 260 (743 bytes)
C2 CompilerThread2  88373 16775       4       lombok.eclipse.handlers.EclipseHandlerUtil::getDocComment (158 bytes)
Total: 3

VM state: not at safepoint (normal execution)

VM Mutex/Monitor currently owned by a thread: None

Heap address: 0x0000000080000000, size: 2048 MB, Compressed Oops mode: 32-bit

CDS archive(s) mapped at: [0x000001f2ac000000-0x000001f2acba0000-0x000001f2acba0000), size 12189696, SharedBaseAddress: 0x000001f2ac000000, ArchiveRelocationMode: 1.
Compressed class space mapped at: 0x000001f2ad000000-0x000001f2ed000000, reserved size: 1073741824
Narrow klass base: 0x000001f2ac000000, Narrow klass shift: 0, Narrow klass range: 0x100000000

GC Precious Log:
 CardTable entry size: 512
 CPUs: 8 total, 8 available
 Memory: 8025M
 Large Page Support: Disabled
 NUMA Support: Disabled
 Compressed Oops: Enabled (32-bit)
 Alignments: Space 512K, Generation 512K, Heap 2M
 Heap Min Capacity: 100M
 Heap Initial Capacity: 100M
 Heap Max Capacity: 2G
 Pre-touch: Disabled
 Parallel Workers: 8

Heap:
 PSYoungGen      total 16384K, used 13223K [0x00000000d5580000, 0x00000000d6980000, 0x0000000100000000)
  eden space 14848K, 81% used [0x00000000d5580000,0x00000000d6140ca0,0x00000000d6400000)
  from space 1536K, 77% used [0x00000000d6800000,0x00000000d6929250,0x00000000d6980000)
  to   space 1536K, 0% used [0x00000000d6680000,0x00000000d6680000,0x00000000d6800000)
 ParOldGen       total 881664K, used 881379K [0x0000000080000000, 0x00000000b5d00000, 0x00000000d5580000)
  object space 881664K, 99% used [0x0000000080000000,0x00000000b5cb8ff8,0x00000000b5d00000)
 Metaspace       used 78794K, committed 80512K, reserved 1179648K
  class space    used 8250K, committed 9024K, reserved 1048576K

Card table byte_map: [0x000001f295010000,0x000001f295420000] _byte_map_base: 0x000001f294c10000

Marking Bits: (ParMarkBitMap*) 0x00007ff816c5a340
 Begin Bits: [0x000001f2a7b10000, 0x000001f2a9b10000)
 End Bits:   [0x000001f2a9b10000, 0x000001f2abb10000)

Polling page: 0x000001f293540000

Metaspace:

Usage:
  Non-class:     68.89 MB used.
      Class:      8.06 MB used.
       Both:     76.95 MB used.

Virtual space:
  Non-class space:      128.00 MB reserved,      69.81 MB ( 55%) committed,  2 nodes.
      Class space:        1.00 GB reserved,       8.81 MB ( <1%) committed,  1 nodes.
             Both:        1.12 GB reserved,      78.62 MB (  7%) committed. 

Chunk freelists:
   Non-Class:  9.69 MB
       Class:  7.22 MB
        Both:  16.91 MB

MaxMetaspaceSize: unlimited
CompressedClassSpaceSize: 1.00 GB
Initial GC threshold: 21.00 MB
Current GC threshold: 106.38 MB
CDS: on
 - commit_granule_bytes: 65536.
 - commit_granule_words: 8192.
 - virtual_space_node_default_size: 8388608.
 - enlarge_chunks_in_place: 1.
 - use_allocation_guard: 0.


Internal statistics:

num_allocs_failed_limit: 9.
num_arena_births: 1568.
num_arena_deaths: 22.
num_vsnodes_births: 3.
num_vsnodes_deaths: 0.
num_space_committed: 1258.
num_space_uncommitted: 0.
num_chunks_returned_to_freelist: 35.
num_chunks_taken_from_freelist: 5532.
num_chunk_merges: 19.
num_chunk_splits: 3310.
num_chunks_enlarged: 1756.
num_inconsistent_stats: 0.

CodeHeap 'non-profiled nmethods': size=120000Kb used=14638Kb max_used=14638Kb free=105361Kb
 bounds [0x000001f2a0330000, 0x000001f2a1180000, 0x000001f2a7860000]
CodeHeap 'profiled nmethods': size=120000Kb used=35895Kb max_used=35895Kb free=84104Kb
 bounds [0x000001f298860000, 0x000001f29ab70000, 0x000001f29fd90000]
CodeHeap 'non-nmethods': size=5760Kb used=1491Kb max_used=1613Kb free=4268Kb
 bounds [0x000001f29fd90000, 0x000001f2a0000000, 0x000001f2a0330000]
CodeCache: size=245760Kb, used=52024Kb, max_used=52146Kb, free=193733Kb
 total_blobs=15678, nmethods=14866, adapters=716, full_count=0
Compilation: enabled, stopped_count=0, restarted_count=0

Compilation events (20 events):
Event: 87.180 Thread 0x000001f2ed1d6760 nmethod 16746 0x000001f29aaf0b90 code [0x000001f29aaf0d80, 0x000001f29aaf1520]
Event: 87.181 Thread 0x000001f2ed1d6760 16749       3       org.eclipse.osgi.internal.log.EquinoxLogWriter::writeSpace (7 bytes)
Event: 87.181 Thread 0x000001f2ed1d6760 nmethod 16749 0x000001f29aaf1690 code [0x000001f29aaf1880, 0x000001f29aaf1cb8]
Event: 87.182 Thread 0x000001f2f7e698f0 nmethod 16747 0x000001f2a116e190 code [0x000001f2a116e340, 0x000001f2a116e598]
Event: 87.182 Thread 0x000001f2f7e698f0 16748       4       org.eclipse.jdt.internal.compiler.parser.diagnose.DiagnoseParser::parseCheck (520 bytes)
Event: 87.207 Thread 0x000001f2ed1d16c0 nmethod 16740% 0x000001f2a116e790 code [0x000001f2a116eac0, 0x000001f2a1170f20]
Event: 87.220 Thread 0x000001f2f7e698f0 nmethod 16748 0x000001f2a1172590 code [0x000001f2a11728c0, 0x000001f2a1174030]
Event: 87.401 Thread 0x000001f2ed1d6760 16750       1       org.eclipse.core.internal.resources.WorkspaceRoot::getProject (2 bytes)
Event: 87.401 Thread 0x000001f2ed1d6760 nmethod 16750 0x000001f2a1175390 code [0x000001f2a1175520, 0x000001f2a11755f0]
Event: 87.412 Thread 0x000001f2ed1d16c0 16751       4       org.eclipse.jdt.internal.compiler.classfmt.ModuleInfo::readModuleAttribute (1166 bytes)
Event: 87.432 Thread 0x000001f2ed1d6760 16753 %     3       org.eclipse.jdt.core.Signature::getSimpleNames @ 26 (183 bytes)
Event: 87.434 Thread 0x000001f2ed1d6760 nmethod 16753% 0x000001f29aaf1e90 code [0x000001f29aaf20c0, 0x000001f29aaf2d18]
Event: 87.434 Thread 0x000001f2ed1d6760 16754       3       org.eclipse.jdt.internal.compiler.lookup.BinaryTypeBinding$1::set (10 bytes)
Event: 87.435 Thread 0x000001f2ed1d6760 nmethod 16754 0x000001f29aaf3090 code [0x000001f29aaf3240, 0x000001f29aaf34d0]
Event: 87.436 Thread 0x000001f2ed1d6760 16756       3       org.eclipse.jdt.internal.compiler.parser.Parser::initialize (6 bytes)
Event: 87.436 Thread 0x000001f2ed1d6760 nmethod 16756 0x000001f29aaf3610 code [0x000001f29aaf37c0, 0x000001f29aaf3998]
Event: 87.436 Thread 0x000001f2ed1d6760 16757       3       org.eclipse.jdt.internal.compiler.parser.Parser::consumePostfixExpression (9 bytes)
Event: 87.436 Thread 0x000001f2ed1d6760 nmethod 16757 0x000001f29aaf3a90 code [0x000001f29aaf3c40, 0x000001f29aaf3ed8]
Event: 87.439 Thread 0x000001f2ed1d6760 16758       3       java.lang.invoke.LambdaForm$MH/0x000001f2ad838000::invoke (45 bytes)
Event: 87.441 Thread 0x000001f2ed1d6760 nmethod 16758 0x000001f29aaf3f90 code [0x000001f29aaf41e0, 0x000001f29aaf4c38]

GC Heap History (20 events):
Event: 86.896 GC heap after
{Heap after GC invocations=1626 (full 4):
 PSYoungGen      total 6656K, used 2260K [0x00000000d5580000, 0x00000000d6100000, 0x0000000100000000)
  eden space 4096K, 0% used [0x00000000d5580000,0x00000000d5580000,0x00000000d5980000)
  from space 2560K, 88% used [0x00000000d5e80000,0x00000000d60b5200,0x00000000d6100000)
  to   space 3072K, 0% used [0x00000000d5b00000,0x00000000d5b00000,0x00000000d5e00000)
 ParOldGen       total 824832K, used 824415K [0x0000000080000000, 0x00000000b2580000, 0x00000000d5580000)
  object space 824832K, 99% used [0x0000000080000000,0x00000000b2517da8,0x00000000b2580000)
 Metaspace       used 78462K, committed 80192K, reserved 1179648K
  class space    used 8241K, committed 9024K, reserved 1048576K
}
Event: 86.901 GC heap before
{Heap before GC invocations=1627 (full 4):
 PSYoungGen      total 6656K, used 6164K [0x00000000d5580000, 0x00000000d6100000, 0x0000000100000000)
  eden space 4096K, 95% used [0x00000000d5580000,0x00000000d5950180,0x00000000d5980000)
  from space 2560K, 88% used [0x00000000d5e80000,0x00000000d60b5200,0x00000000d6100000)
  to   space 3072K, 0% used [0x00000000d5b00000,0x00000000d5b00000,0x00000000d5e00000)
 ParOldGen       total 824832K, used 824415K [0x0000000080000000, 0x00000000b2580000, 0x00000000d5580000)
  object space 824832K, 99% used [0x0000000080000000,0x00000000b2517da8,0x00000000b2580000)
 Metaspace       used 78462K, committed 80192K, reserved 1179648K
  class space    used 8241K, committed 9024K, reserved 1048576K
}
Event: 86.906 GC heap after
{Heap after GC invocations=1627 (full 4):
 PSYoungGen      total 7168K, used 1579K [0x00000000d5580000, 0x00000000d5f00000, 0x0000000100000000)
  eden space 5120K, 0% used [0x00000000d5580000,0x00000000d5580000,0x00000000d5a80000)
  from space 2048K, 77% used [0x00000000d5b00000,0x00000000d5c8ac00,0x00000000d5d00000)
  to   space 2048K, 0% used [0x00000000d5d00000,0x00000000d5d00000,0x00000000d5f00000)
 ParOldGen       total 826880K, used 826611K [0x0000000080000000, 0x00000000b2780000, 0x00000000d5580000)
  object space 826880K, 99% used [0x0000000080000000,0x00000000b273cfa8,0x00000000b2780000)
 Metaspace       used 78462K, committed 80192K, reserved 1179648K
  class space    used 8241K, committed 9024K, reserved 1048576K
}
Event: 86.914 GC heap before
{Heap before GC invocations=1628 (full 4):
 PSYoungGen      total 7168K, used 6699K [0x00000000d5580000, 0x00000000d5f00000, 0x0000000100000000)
  eden space 5120K, 100% used [0x00000000d5580000,0x00000000d5a80000,0x00000000d5a80000)
  from space 2048K, 77% used [0x00000000d5b00000,0x00000000d5c8ac00,0x00000000d5d00000)
  to   space 2048K, 0% used [0x00000000d5d00000,0x00000000d5d00000,0x00000000d5f00000)
 ParOldGen       total 826880K, used 826611K [0x0000000080000000, 0x00000000b2780000, 0x00000000d5580000)
  object space 826880K, 99% used [0x0000000080000000,0x00000000b273cfa8,0x00000000b2780000)
 Metaspace       used 78464K, committed 80192K, reserved 1179648K
  class space    used 8241K, committed 9024K, reserved 1048576K
}
Event: 86.917 GC heap after
{Heap after GC invocations=1628 (full 4):
 PSYoungGen      total 6144K, used 2034K [0x00000000d5580000, 0x00000000d6280000, 0x0000000100000000)
  eden space 4096K, 0% used [0x00000000d5580000,0x00000000d5580000,0x00000000d5980000)
  from space 2048K, 99% used [0x00000000d5d00000,0x00000000d5efc810,0x00000000d5f00000)
  to   space 3584K, 0% used [0x00000000d5980000,0x00000000d5980000,0x00000000d5d00000)
 ParOldGen       total 827904K, used 827851K [0x0000000080000000, 0x00000000b2880000, 0x00000000d5580000)
  object space 827904K, 99% used [0x0000000080000000,0x00000000b2872fa8,0x00000000b2880000)
 Metaspace       used 78464K, committed 80192K, reserved 1179648K
  class space    used 8241K, committed 9024K, reserved 1048576K
}
Event: 86.926 GC heap before
{Heap before GC invocations=1629 (full 4):
 PSYoungGen      total 6144K, used 6130K [0x00000000d5580000, 0x00000000d6280000, 0x0000000100000000)
  eden space 4096K, 100% used [0x00000000d5580000,0x00000000d5980000,0x00000000d5980000)
  from space 2048K, 99% used [0x00000000d5d00000,0x00000000d5efc810,0x00000000d5f00000)
  to   space 3584K, 0% used [0x00000000d5980000,0x00000000d5980000,0x00000000d5d00000)
 ParOldGen       total 827904K, used 827851K [0x0000000080000000, 0x00000000b2880000, 0x00000000d5580000)
  object space 827904K, 99% used [0x0000000080000000,0x00000000b2872fa8,0x00000000b2880000)
 Metaspace       used 78472K, committed 80192K, reserved 1179648K
  class space    used 8241K, committed 9024K, reserved 1048576K
}
Event: 86.929 GC heap after
{Heap after GC invocations=1629 (full 4):
 PSYoungGen      total 5120K, used 672K [0x00000000d5580000, 0x00000000d5e80000, 0x0000000100000000)
  eden space 4096K, 0% used [0x00000000d5580000,0x00000000d5580000,0x00000000d5980000)
  from space 1024K, 65% used [0x00000000d5980000,0x00000000d5a28000,0x00000000d5a80000)
  to   space 2048K, 0% used [0x00000000d5c80000,0x00000000d5c80000,0x00000000d5e80000)
 ParOldGen       total 830464K, used 830183K [0x0000000080000000, 0x00000000b2b00000, 0x00000000d5580000)
  object space 830464K, 99% used [0x0000000080000000,0x00000000b2ab9fd8,0x00000000b2b00000)
 Metaspace       used 78472K, committed 80192K, reserved 1179648K
  class space    used 8241K, committed 9024K, reserved 1048576K
}
Event: 86.942 GC heap before
{Heap before GC invocations=1630 (full 4):
 PSYoungGen      total 5120K, used 4768K [0x00000000d5580000, 0x00000000d5e80000, 0x0000000100000000)
  eden space 4096K, 100% used [0x00000000d5580000,0x00000000d5980000,0x00000000d5980000)
  from space 1024K, 65% used [0x00000000d5980000,0x00000000d5a28000,0x00000000d5a80000)
  to   space 2048K, 0% used [0x00000000d5c80000,0x00000000d5c80000,0x00000000d5e80000)
 ParOldGen       total 830464K, used 830183K [0x0000000080000000, 0x00000000b2b00000, 0x00000000d5580000)
  object space 830464K, 99% used [0x0000000080000000,0x00000000b2ab9fd8,0x00000000b2b00000)
 Metaspace       used 78477K, committed 80192K, reserved 1179648K
  class space    used 8241K, committed 9024K, reserved 1048576K
}
Event: 86.945 GC heap after
{Heap after GC invocations=1630 (full 4):
 PSYoungGen      total 6144K, used 884K [0x00000000d5580000, 0x00000000d5d80000, 0x0000000100000000)
  eden space 5120K, 0% used [0x00000000d5580000,0x00000000d5580000,0x00000000d5a80000)
  from space 1024K, 86% used [0x00000000d5c80000,0x00000000d5d5d200,0x00000000d5d80000)
  to   space 1024K, 0% used [0x00000000d5b80000,0x00000000d5b80000,0x00000000d5c80000)
 ParOldGen       total 830976K, used 830728K [0x0000000080000000, 0x00000000b2b80000, 0x00000000d5580000)
  object space 830976K, 99% used [0x0000000080000000,0x00000000b2b42018,0x00000000b2b80000)
 Metaspace       used 78477K, committed 80192K, reserved 1179648K
  class space    used 8241K, committed 9024K, reserved 1048576K
}
Event: 86.954 GC heap before
{Heap before GC invocations=1631 (full 4):
 PSYoungGen      total 6144K, used 6004K [0x00000000d5580000, 0x00000000d5d80000, 0x0000000100000000)
  eden space 5120K, 99% used [0x00000000d5580000,0x00000000d5a7ffc0,0x00000000d5a80000)
  from space 1024K, 86% used [0x00000000d5c80000,0x00000000d5d5d200,0x00000000d5d80000)
  to   space 1024K, 0% used [0x00000000d5b80000,0x00000000d5b80000,0x00000000d5c80000)
 ParOldGen       total 830976K, used 830728K [0x0000000080000000, 0x00000000b2b80000, 0x00000000d5580000)
  object space 830976K, 99% used [0x0000000080000000,0x00000000b2b42018,0x00000000b2b80000)
 Metaspace       used 78486K, committed 80192K, reserved 1179648K
  class space    used 8241K, committed 9024K, reserved 1048576K
}
Event: 86.958 GC heap after
{Heap after GC invocations=1631 (full 4):
 PSYoungGen      total 7168K, used 1004K [0x00000000d5580000, 0x00000000d6280000, 0x0000000100000000)
  eden space 6144K, 0% used [0x00000000d5580000,0x00000000d5580000,0x00000000d5b80000)
  from space 1024K, 98% used [0x00000000d5b80000,0x00000000d5c7b000,0x00000000d5c80000)
  to   space 3584K, 0% used [0x00000000d5f00000,0x00000000d5f00000,0x00000000d6280000)
 ParOldGen       total 833024K, used 832677K [0x0000000080000000, 0x00000000b2d80000, 0x00000000d5580000)
  object space 833024K, 99% used [0x0000000080000000,0x00000000b2d29498,0x00000000b2d80000)
 Metaspace       used 78486K, committed 80192K, reserved 1179648K
  class space    used 8241K, committed 9024K, reserved 1048576K
}
Event: 86.976 GC heap before
{Heap before GC invocations=1632 (full 4):
 PSYoungGen      total 7168K, used 7148K [0x00000000d5580000, 0x00000000d6280000, 0x0000000100000000)
  eden space 6144K, 100% used [0x00000000d5580000,0x00000000d5b80000,0x00000000d5b80000)
  from space 1024K, 98% used [0x00000000d5b80000,0x00000000d5c7b000,0x00000000d5c80000)
  to   space 3584K, 0% used [0x00000000d5f00000,0x00000000d5f00000,0x00000000d6280000)
 ParOldGen       total 833024K, used 832677K [0x0000000080000000, 0x00000000b2d80000, 0x00000000d5580000)
  object space 833024K, 99% used [0x0000000080000000,0x00000000b2d29498,0x00000000b2d80000)
 Metaspace       used 78495K, committed 80192K, reserved 1179648K
  class space    used 8241K, committed 9024K, reserved 1048576K
}
Event: 86.979 GC heap after
{Heap after GC invocations=1632 (full 4):
 PSYoungGen      total 9728K, used 864K [0x00000000d5580000, 0x00000000d6100000, 0x0000000100000000)
  eden space 7680K, 0% used [0x00000000d5580000,0x00000000d5580000,0x00000000d5d00000)
  from space 2048K, 42% used [0x00000000d5f00000,0x00000000d5fd8040,0x00000000d6100000)
  to   space 2048K, 0% used [0x00000000d5d00000,0x00000000d5d00000,0x00000000d5f00000)
 ParOldGen       total 834048K, used 833681K [0x0000000080000000, 0x00000000b2e80000, 0x00000000d5580000)
  object space 834048K, 99% used [0x0000000080000000,0x00000000b2e24498,0x00000000b2e80000)
 Metaspace       used 78495K, committed 80192K, reserved 1179648K
  class space    used 8241K, committed 9024K, reserved 1048576K
}
Event: 87.003 GC heap before
{Heap before GC invocations=1633 (full 4):
 PSYoungGen      total 9728K, used 8544K [0x00000000d5580000, 0x00000000d6100000, 0x0000000100000000)
  eden space 7680K, 100% used [0x00000000d5580000,0x00000000d5d00000,0x00000000d5d00000)
  from space 2048K, 42% used [0x00000000d5f00000,0x00000000d5fd8040,0x00000000d6100000)
  to   space 2048K, 0% used [0x00000000d5d00000,0x00000000d5d00000,0x00000000d5f00000)
 ParOldGen       total 834048K, used 833681K [0x0000000080000000, 0x00000000b2e80000, 0x00000000d5580000)
  object space 834048K, 99% used [0x0000000080000000,0x00000000b2e24498,0x00000000b2e80000)
 Metaspace       used 78496K, committed 80192K, reserved 1179648K
  class space    used 8241K, committed 9024K, reserved 1048576K
}
Event: 87.008 GC heap after
{Heap after GC invocations=1633 (full 4):
 PSYoungGen      total 9728K, used 2023K [0x00000000d5580000, 0x00000000d6c80000, 0x0000000100000000)
  eden space 7680K, 0% used [0x00000000d5580000,0x00000000d5580000,0x00000000d5d00000)
  from space 2048K, 98% used [0x00000000d5d00000,0x00000000d5ef9d28,0x00000000d5f00000)
  to   space 7168K, 0% used [0x00000000d6580000,0x00000000d6580000,0x00000000d6c80000)
 ParOldGen       total 837632K, used 837554K [0x0000000080000000, 0x00000000b3200000, 0x00000000d5580000)
  object space 837632K, 99% used [0x0000000080000000,0x00000000b31ec838,0x00000000b3200000)
 Metaspace       used 78496K, committed 80192K, reserved 1179648K
  class space    used 8241K, committed 9024K, reserved 1048576K
}
Event: 87.059 GC heap before
{Heap before GC invocations=1634 (full 4):
 PSYoungGen      total 9728K, used 9703K [0x00000000d5580000, 0x00000000d6c80000, 0x0000000100000000)
  eden space 7680K, 100% used [0x00000000d5580000,0x00000000d5d00000,0x00000000d5d00000)
  from space 2048K, 98% used [0x00000000d5d00000,0x00000000d5ef9d28,0x00000000d5f00000)
  to   space 7168K, 0% used [0x00000000d6580000,0x00000000d6580000,0x00000000d6c80000)
 ParOldGen       total 869376K, used 868274K [0x0000000080000000, 0x00000000b5100000, 0x00000000d5580000)
  object space 869376K, 99% used [0x0000000080000000,0x00000000b4fec868,0x00000000b5100000)
 Metaspace       used 78506K, committed 80192K, reserved 1179648K
  class space    used 8241K, committed 9024K, reserved 1048576K
}
Event: 87.063 GC heap after
{Heap after GC invocations=1634 (full 4):
 PSYoungGen      total 12800K, used 4840K [0x00000000d5580000, 0x00000000d6a80000, 0x0000000100000000)
  eden space 7680K, 0% used [0x00000000d5580000,0x00000000d5580000,0x00000000d5d00000)
  from space 5120K, 94% used [0x00000000d6580000,0x00000000d6a3a2c0,0x00000000d6a80000)
  to   space 5632K, 0% used [0x00000000d5f80000,0x00000000d5f80000,0x00000000d6500000)
 ParOldGen       total 869376K, used 868530K [0x0000000080000000, 0x00000000b5100000, 0x00000000d5580000)
  object space 869376K, 99% used [0x0000000080000000,0x00000000b502c868,0x00000000b5100000)
 Metaspace       used 78506K, committed 80192K, reserved 1179648K
  class space    used 8241K, committed 9024K, reserved 1048576K
}
Event: 87.084 GC heap before
{Heap before GC invocations=1635 (full 4):
 PSYoungGen      total 12800K, used 12520K [0x00000000d5580000, 0x00000000d6a80000, 0x0000000100000000)
  eden space 7680K, 100% used [0x00000000d5580000,0x00000000d5d00000,0x00000000d5d00000)
  from space 5120K, 94% used [0x00000000d6580000,0x00000000d6a3a2c0,0x00000000d6a80000)
  to   space 5632K, 0% used [0x00000000d5f80000,0x00000000d5f80000,0x00000000d6500000)
 ParOldGen       total 869376K, used 868530K [0x0000000080000000, 0x00000000b5100000, 0x00000000d5580000)
  object space 869376K, 99% used [0x0000000080000000,0x00000000b502c868,0x00000000b5100000)
 Metaspace       used 78702K, committed 80384K, reserved 1179648K
  class space    used 8250K, committed 9024K, reserved 1048576K
}
Event: 87.091 GC heap after
{Heap after GC invocations=1635 (full 4):
 PSYoungGen      total 14848K, used 5632K [0x00000000d5580000, 0x00000000d7580000, 0x0000000100000000)
  eden space 9216K, 0% used [0x00000000d5580000,0x00000000d5580000,0x00000000d5e80000)
  from space 5632K, 100% used [0x00000000d5f80000,0x00000000d6500000,0x00000000d6500000)
  to   space 11776K, 0% used [0x00000000d6a00000,0x00000000d6a00000,0x00000000d7580000)
 ParOldGen       total 873472K, used 873234K [0x0000000080000000, 0x00000000b5500000, 0x00000000d5580000)
  object space 873472K, 99% used [0x0000000080000000,0x00000000b54c4b38,0x00000000b5500000)
 Metaspace       used 78702K, committed 80384K, reserved 1179648K
  class space    used 8250K, committed 9024K, reserved 1048576K
}
Event: 87.446 GC heap before
{Heap before GC invocations=1636 (full 4):
 PSYoungGen      total 14848K, used 14848K [0x00000000d5580000, 0x00000000d7580000, 0x0000000100000000)
  eden space 9216K, 100% used [0x00000000d5580000,0x00000000d5e80000,0x00000000d5e80000)
  from space 5632K, 100% used [0x00000000d5f80000,0x00000000d6500000,0x00000000d6500000)
  to   space 11776K, 0% used [0x00000000d6a00000,0x00000000d6a00000,0x00000000d7580000)
 ParOldGen       total 873472K, used 873234K [0x0000000080000000, 0x00000000b5500000, 0x00000000d5580000)
  object space 873472K, 99% used [0x0000000080000000,0x00000000b54c4b38,0x00000000b5500000)
 Metaspace       used 78721K, committed 80448K, reserved 1179648K
  class space    used 8250K, committed 9024K, reserved 1048576K
}

Dll operation events (10 events):
Event: 0.012 Loaded shared library c:\Users\user\.vscode\extensions\redhat.java-1.44.0-win32-x64\jre\21.0.8-win32-x86_64\bin\java.dll
Event: 0.055 Loaded shared library c:\Users\user\.vscode\extensions\redhat.java-1.44.0-win32-x64\jre\21.0.8-win32-x86_64\bin\zip.dll
Event: 0.145 Loaded shared library C:\Users\user\.vscode\extensions\redhat.java-1.44.0-win32-x64\jre\21.0.8-win32-x86_64\bin\instrument.dll
Event: 0.152 Loaded shared library C:\Users\user\.vscode\extensions\redhat.java-1.44.0-win32-x64\jre\21.0.8-win32-x86_64\bin\net.dll
Event: 0.154 Loaded shared library C:\Users\user\.vscode\extensions\redhat.java-1.44.0-win32-x64\jre\21.0.8-win32-x86_64\bin\nio.dll
Event: 0.159 Loaded shared library C:\Users\user\.vscode\extensions\redhat.java-1.44.0-win32-x64\jre\21.0.8-win32-x86_64\bin\zip.dll
Event: 0.184 Loaded shared library C:\Users\user\.vscode\extensions\redhat.java-1.44.0-win32-x64\jre\21.0.8-win32-x86_64\bin\jimage.dll
Event: 0.283 Loaded shared library c:\Users\user\.vscode\extensions\redhat.java-1.44.0-win32-x64\jre\21.0.8-win32-x86_64\bin\verify.dll
Event: 2.508 Loaded shared library C:\Users\user\AppData\Roaming\Code\User\globalStorage\redhat.java\1.44.0\config_win\org.eclipse.equinox.launcher\org.eclipse.equinox.launcher.win32.win32.x86_64_1.2.1400.v20250730-1736\eclipse_11913.dll
Event: 4.441 Loaded shared library C:\Users\user\AppData\Local\Temp\jna-3599307\jna3246836992626471210.dll

Deoptimization events (20 events):
Event: 87.066 Thread 0x000001f2f4659670 Uncommon trap: trap_request=0xffffffc6 fr.pc=0x000001f2a0fc47e4 relative=0x00000000000000c4
Event: 87.066 Thread 0x000001f2f4659670 Uncommon trap: reason=bimorphic_or_optimized_type_check action=maybe_recompile pc=0x000001f2a0fc47e4 method=java.util.LinkedHashMap.afterNodeInsertion(Z)V @ 15 c2
Event: 87.066 Thread 0x000001f2f4659670 DEOPT PACKING pc=0x000001f2a0fc47e4 sp=0x0000001386dfe2f0
Event: 87.066 Thread 0x000001f2f4659670 DEOPT UNPACKING pc=0x000001f29fde3aa2 sp=0x0000001386dfe268 mode 2
Event: 87.066 Thread 0x000001f2f4659670 Uncommon trap: trap_request=0xffffffc6 fr.pc=0x000001f2a0fc47e4 relative=0x00000000000000c4
Event: 87.066 Thread 0x000001f2f4659670 Uncommon trap: reason=bimorphic_or_optimized_type_check action=maybe_recompile pc=0x000001f2a0fc47e4 method=java.util.LinkedHashMap.afterNodeInsertion(Z)V @ 15 c2
Event: 87.066 Thread 0x000001f2f4659670 DEOPT PACKING pc=0x000001f2a0fc47e4 sp=0x0000001386dfe2f0
Event: 87.066 Thread 0x000001f2f4659670 DEOPT UNPACKING pc=0x000001f29fde3aa2 sp=0x0000001386dfe268 mode 2
Event: 87.179 Thread 0x000001f2f465a390 Uncommon trap: trap_request=0xffffff6e fr.pc=0x000001f2a116d3b8 relative=0x00000000000001f8
Event: 87.179 Thread 0x000001f2f465a390 Uncommon trap: reason=loop_limit_check action=maybe_recompile pc=0x000001f2a116d3b8 method=org.eclipse.jdt.internal.compiler.parser.diagnose.LexStream.token(I)Lorg/eclipse/jdt/internal/compiler/parser/diagnose/LexStream$Token; @ 84 c2
Event: 87.179 Thread 0x000001f2f465a390 DEOPT PACKING pc=0x000001f2a116d3b8 sp=0x0000001386efe770
Event: 87.179 Thread 0x000001f2f465a390 DEOPT UNPACKING pc=0x000001f29fde3aa2 sp=0x0000001386efe700 mode 2
Event: 87.179 Thread 0x000001f2f465a390 DEOPT PACKING pc=0x000001f29aa6cc80 sp=0x0000001386efe470
Event: 87.179 Thread 0x000001f2f465a390 DEOPT UNPACKING pc=0x000001f29fde4242 sp=0x0000001386efd948 mode 0
Event: 87.179 Thread 0x000001f2f465a390 DEOPT PACKING pc=0x000001f29aa6cc80 sp=0x0000001386efe390
Event: 87.179 Thread 0x000001f2f465a390 DEOPT UNPACKING pc=0x000001f29fde4242 sp=0x0000001386efd840 mode 0
Event: 87.434 Thread 0x000001f2f322fb10 DEOPT PACKING pc=0x000001f29aa6cb7a sp=0x00000013888fde60
Event: 87.434 Thread 0x000001f2f322fb10 DEOPT UNPACKING pc=0x000001f29fde4242 sp=0x00000013888fd310 mode 0
Event: 87.435 Thread 0x000001f2f322fb10 DEOPT PACKING pc=0x000001f29aa6cc80 sp=0x00000013888fdd80
Event: 87.435 Thread 0x000001f2f322fb10 DEOPT UNPACKING pc=0x000001f29fde4242 sp=0x00000013888fd230 mode 0

Classes loaded (20 events):
Event: 60.518 Loading class com/sun/crypto/provider/CipherBlockChaining
Event: 60.518 Loading class com/sun/crypto/provider/CipherBlockChaining done
Event: 60.519 Loading class javax/crypto/NullCipher
Event: 60.520 Loading class javax/crypto/NullCipher done
Event: 60.521 Loading class sun/security/util/ArrayUtil
Event: 60.522 Loading class sun/security/util/ArrayUtil done
Event: 60.596 Loading class java/util/zip/CheckedInputStream
Event: 60.596 Loading class java/util/zip/CheckedInputStream done
Event: 60.904 Loading class java/util/zip/GZIPInputStream$1
Event: 60.905 Loading class java/util/zip/GZIPInputStream$1 done
Event: 61.552 Loading class jdk/internal/ref/CleanerImpl$InnocuousThreadFactory
Event: 61.553 Loading class jdk/internal/ref/CleanerImpl$InnocuousThreadFactory done
Event: 76.004 Loading class java/util/Spliterators$IntArraySpliterator
Event: 76.004 Loading class java/util/Spliterators$IntArraySpliterator done
Event: 78.438 Loading class jdk/internal/module/IllegalAccessLogger
Event: 78.438 Loading class jdk/internal/module/IllegalAccessLogger done
Event: 86.032 Loading class java/lang/StringLatin1$CharsSpliterator
Event: 86.032 Loading class java/lang/StringLatin1$CharsSpliterator done
Event: 87.017 Loading class jdk/internal/module/IllegalAccessLogger
Event: 87.017 Loading class jdk/internal/module/IllegalAccessLogger done

Classes unloaded (11 events):
Event: 5.526 Thread 0x000001f2934be8f0 Unloading class 0x000001f2ad1a9c00 'java/lang/invoke/LambdaForm$MH+0x000001f2ad1a9c00'
Event: 5.526 Thread 0x000001f2934be8f0 Unloading class 0x000001f2ad1a9800 'java/lang/invoke/LambdaForm$MH+0x000001f2ad1a9800'
Event: 5.526 Thread 0x000001f2934be8f0 Unloading class 0x000001f2ad1a9400 'java/lang/invoke/LambdaForm$MH+0x000001f2ad1a9400'
Event: 5.526 Thread 0x000001f2934be8f0 Unloading class 0x000001f2ad1a9000 'java/lang/invoke/LambdaForm$MH+0x000001f2ad1a9000'
Event: 5.526 Thread 0x000001f2934be8f0 Unloading class 0x000001f2ad1a8c00 'java/lang/invoke/LambdaForm$BMH+0x000001f2ad1a8c00'
Event: 5.526 Thread 0x000001f2934be8f0 Unloading class 0x000001f2ad1a8800 'java/lang/invoke/LambdaForm$DMH+0x000001f2ad1a8800'
Event: 5.526 Thread 0x000001f2934be8f0 Unloading class 0x000001f2ad1a3800 'java/lang/invoke/LambdaForm$DMH+0x000001f2ad1a3800'
Event: 45.191 Thread 0x000001f2934be8f0 Unloading class 0x000001f2ad6b9000 'java/lang/invoke/LambdaForm$DMH+0x000001f2ad6b9000'
Event: 45.191 Thread 0x000001f2934be8f0 Unloading class 0x000001f2ad6b8c00 'java/lang/invoke/LambdaForm$DMH+0x000001f2ad6b8c00'
Event: 45.191 Thread 0x000001f2934be8f0 Unloading class 0x000001f2ad6b8400 'java/lang/invoke/LambdaForm$DMH+0x000001f2ad6b8400'
Event: 45.191 Thread 0x000001f2934be8f0 Unloading class 0x000001f2ad6b8800 'java/lang/invoke/LambdaForm$DMH+0x000001f2ad6b8800'

Classes redefined (0 events):
No events

Internal exceptions (20 events):
Event: 61.714 Thread 0x000001f2f322edf0 Exception <a 'sun/nio/fs/WindowsException'{0x00000000d61ecbf8}> (0x00000000d61ecbf8) 
thrown [s\src\hotspot\share\prims\jni.cpp, line 520]
Event: 61.721 Thread 0x000001f2f322edf0 Exception <a 'sun/nio/fs/WindowsException'{0x00000000d62ceab0}> (0x00000000d62ceab0) 
thrown [s\src\hotspot\share\prims\jni.cpp, line 520]
Event: 61.721 Thread 0x000001f2f322edf0 Exception <a 'sun/nio/fs/WindowsException'{0x00000000d62cf390}> (0x00000000d62cf390) 
thrown [s\src\hotspot\share\prims\jni.cpp, line 520]
Event: 61.872 Thread 0x000001f2f322fb10 Exception <a 'java/lang/NoSuchMethodError'{0x00000000d5fc0dd0}: 'java.lang.Object java.lang.invoke.DirectMethodHandle$Holder.newInvokeSpecial(java.lang.Object, java.lang.Object, int, java.lang.Object, java.lang.Object, java.lang.Object, java.lang.Object)'> (0x00000000d5fc0dd0) 
thrown [s\src\hotspot\share\interpreter\linkResolver.cpp, line 773]
Event: 61.875 Thread 0x000001f2f322fb10 Exception <a 'java/lang/NoSuchMethodError'{0x00000000d5fc89b8}: 'java.lang.Object java.lang.invoke.Invokers$Holder.linkToTargetMethod(java.lang.Object, int, java.lang.Object, java.lang.Object, java.lang.Object, java.lang.Object, java.lang.Object)'> (0x00000000d5fc89b8) 
thrown [s\src\hotspot\share\interpreter\linkResolver.cpp, line 773]
Event: 62.597 Thread 0x000001f2f4659670 Exception <a 'java/lang/IncompatibleClassChangeError'{0x00000000d5785a78}: Found class java.lang.Object, but interface was expected> (0x00000000d5785a78) 
thrown [s\src\hotspot\share\interpreter\linkResolver.cpp, line 840]
Event: 62.604 Thread 0x000001f2f322edf0 Exception <a 'java/lang/ArrayIndexOutOfBoundsException'{0x00000000d57a6fc0}> (0x00000000d57a6fc0) 
thrown [s\src\hotspot\share\runtime\sharedRuntime.cpp, line 625]
Event: 73.535 Thread 0x000001f2f4659670 Exception <a 'java/lang/IncompatibleClassChangeError'{0x00000000d60b1e60}: Found class java.lang.Object, but interface was expected> (0x00000000d60b1e60) 
thrown [s\src\hotspot\share\interpreter\linkResolver.cpp, line 840]
Event: 75.902 Thread 0x000001f2f4659670 Exception <a 'java/lang/ArrayIndexOutOfBoundsException'{0x00000000d55b09c8}: Index 1824 out of bounds for length 1824> (0x00000000d55b09c8) 
thrown [s\src\hotspot\share\interpreter\interpreterRuntime.cpp, line 439]
Event: 75.941 Thread 0x000001f2f4659670 Exception <a 'java/lang/ArrayIndexOutOfBoundsException'{0x00000000d585b030}> (0x00000000d585b030) 
thrown [s\src\hotspot\share\runtime\sharedRuntime.cpp, line 625]
Event: 76.050 Thread 0x000001f2f4659670 Exception <a 'java/lang/IncompatibleClassChangeError'{0x00000000d5eb5368}: Found class java.lang.Object, but interface was expected> (0x00000000d5eb5368) 
thrown [s\src\hotspot\share\interpreter\linkResolver.cpp, line 840]
Event: 77.126 Thread 0x000001f2f4659670 Exception <a 'java/lang/IncompatibleClassChangeError'{0x00000000d5ff7d98}: Found class java.lang.Object, but interface was expected> (0x00000000d5ff7d98) 
thrown [s\src\hotspot\share\interpreter\linkResolver.cpp, line 840]
Event: 77.310 Thread 0x000001f2f3232f90 Exception <a 'java/lang/ArrayIndexOutOfBoundsException'{0x00000000d5711648}> (0x00000000d5711648) 
thrown [s\src\hotspot\share\runtime\sharedRuntime.cpp, line 625]
Event: 78.261 Thread 0x000001f2f3abefe0 Exception <a 'sun/nio/fs/WindowsException'{0x00000000d5907948}> (0x00000000d5907948) 
thrown [s\src\hotspot\share\prims\jni.cpp, line 520]
Event: 78.457 Thread 0x000001f2f3abefe0 Exception <a 'sun/nio/fs/WindowsException'{0x00000000d5a66ba0}> (0x00000000d5a66ba0) 
thrown [s\src\hotspot\share\prims\jni.cpp, line 520]
Event: 80.727 Thread 0x000001f2f3232f90 Exception <a 'java/lang/NoSuchMethodError'{0x00000000d5e27170}: 'int java.lang.invoke.DirectMethodHandle$Holder.invokeVirtual(java.lang.Object, java.lang.Object, java.lang.Object, int)'> (0x00000000d5e27170) 
thrown [s\src\hotspot\share\interpreter\linkResolver.cpp, line 773]
Event: 80.730 Thread 0x000001f2f3232f90 Exception <a 'java/lang/NoSuchMethodError'{0x00000000d5e4b880}: 'void java.lang.invoke.DirectMethodHandle$Holder.invokeSpecial(java.lang.Object, java.lang.Object, int)'> (0x00000000d5e4b880) 
thrown [s\src\hotspot\share\interpreter\linkResolver.cpp, line 773]
Event: 85.932 Thread 0x000001f2f322fb10 Exception <a 'java/lang/ArrayIndexOutOfBoundsException'{0x00000000d58c0258}: Index 1791 out of bounds for length 1790> (0x00000000d58c0258) 
thrown [s\src\hotspot\share\interpreter\interpreterRuntime.cpp, line 439]
Event: 86.840 Thread 0x000001f2f3abefe0 Exception <a 'sun/nio/fs/WindowsException'{0x00000000d57de328}> (0x00000000d57de328) 
thrown [s\src\hotspot\share\prims\jni.cpp, line 520]
Event: 87.145 Thread 0x000001f2f3abefe0 Exception <a 'sun/nio/fs/WindowsException'{0x00000000d57ca330}> (0x00000000d57ca330) 
thrown [s\src\hotspot\share\prims\jni.cpp, line 520]

ZGC Phase Switch (0 events):
No events

VM Operations (20 events):
Event: 86.896 Executing VM operation: ParallelGCFailedAllocation (Allocation Failure) done
Event: 86.901 Executing VM operation: ParallelGCFailedAllocation (Allocation Failure)
Event: 86.906 Executing VM operation: ParallelGCFailedAllocation (Allocation Failure) done
Event: 86.914 Executing VM operation: ParallelGCFailedAllocation (Allocation Failure)
Event: 86.917 Executing VM operation: ParallelGCFailedAllocation (Allocation Failure) done
Event: 86.926 Executing VM operation: ParallelGCFailedAllocation (Allocation Failure)
Event: 86.929 Executing VM operation: ParallelGCFailedAllocation (Allocation Failure) done
Event: 86.941 Executing VM operation: ParallelGCFailedAllocation (Allocation Failure)
Event: 86.945 Executing VM operation: ParallelGCFailedAllocation (Allocation Failure) done
Event: 86.954 Executing VM operation: ParallelGCFailedAllocation (Allocation Failure)
Event: 86.959 Executing VM operation: ParallelGCFailedAllocation (Allocation Failure) done
Event: 86.976 Executing VM operation: ParallelGCFailedAllocation (Allocation Failure)
Event: 86.979 Executing VM operation: ParallelGCFailedAllocation (Allocation Failure) done
Event: 87.003 Executing VM operation: ParallelGCFailedAllocation (Allocation Failure)
Event: 87.008 Executing VM operation: ParallelGCFailedAllocation (Allocation Failure) done
Event: 87.059 Executing VM operation: ParallelGCFailedAllocation (Allocation Failure)
Event: 87.063 Executing VM operation: ParallelGCFailedAllocation (Allocation Failure) done
Event: 87.084 Executing VM operation: ParallelGCFailedAllocation (Allocation Failure)
Event: 87.091 Executing VM operation: ParallelGCFailedAllocation (Allocation Failure) done
Event: 87.446 Executing VM operation: ParallelGCFailedAllocation (Allocation Failure)

Memory protections (0 events):
No events

Nmethod flushes (20 events):
Event: 45.214 Thread 0x000001f2934be8f0 flushing  nmethod 0x000001f299abc490
Event: 45.214 Thread 0x000001f2934be8f0 flushing  nmethod 0x000001f299abf810
Event: 45.214 Thread 0x000001f2934be8f0 flushing  nmethod 0x000001f299abff90
Event: 45.214 Thread 0x000001f2934be8f0 flushing  nmethod 0x000001f299ae5b90
Event: 45.214 Thread 0x000001f2934be8f0 flushing  nmethod 0x000001f299ae5f90
Event: 45.214 Thread 0x000001f2934be8f0 flushing  nmethod 0x000001f299ae6390
Event: 45.214 Thread 0x000001f2934be8f0 flushing  nmethod 0x000001f299b0c290
Event: 45.214 Thread 0x000001f2934be8f0 flushing  nmethod 0x000001f299b18d90
Event: 45.214 Thread 0x000001f2934be8f0 flushing  nmethod 0x000001f299b2f510
Event: 45.214 Thread 0x000001f2934be8f0 flushing  nmethod 0x000001f299b3cd90
Event: 45.214 Thread 0x000001f2934be8f0 flushing  nmethod 0x000001f299b3eb90
Event: 45.214 Thread 0x000001f2934be8f0 flushing  nmethod 0x000001f299b43690
Event: 45.214 Thread 0x000001f2934be8f0 flushing  nmethod 0x000001f299b51110
Event: 45.214 Thread 0x000001f2934be8f0 flushing  nmethod 0x000001f299b54290
Event: 45.214 Thread 0x000001f2934be8f0 flushing  nmethod 0x000001f299b59e90
Event: 45.214 Thread 0x000001f2934be8f0 flushing  nmethod 0x000001f299b77b90
Event: 45.214 Thread 0x000001f2934be8f0 flushing  nmethod 0x000001f299b7b010
Event: 45.214 Thread 0x000001f2934be8f0 flushing  nmethod 0x000001f299c0e890
Event: 45.214 Thread 0x000001f2934be8f0 flushing  nmethod 0x000001f299c64c90
Event: 45.214 Thread 0x000001f2934be8f0 flushing  nmethod 0x000001f299c97590

Events (20 events):
Event: 80.335 Thread 0x000001f2f7e676e0 Thread exited: 0x000001f2f7e676e0
Event: 80.335 Thread 0x000001f2f7e632c0 Thread exited: 0x000001f2f7e632c0
Event: 80.468 Thread 0x000001f2f465aa20 Thread exited: 0x000001f2f465aa20
Event: 80.739 Thread 0x000001f2ed1d16c0 Thread added: 0x000001f2f7e632c0
Event: 80.825 Thread 0x000001f2ed1d6760 Thread added: 0x000001f2f7e676e0
Event: 81.762 Thread 0x000001f2f7e676e0 Thread exited: 0x000001f2f7e676e0
Event: 82.703 Thread 0x000001f2f7e632c0 Thread exited: 0x000001f2f7e632c0
Event: 82.728 Thread 0x000001f2ed1d16c0 Thread added: 0x000001f2f7e632c0
Event: 83.036 Thread 0x000001f2f7e632c0 Thread exited: 0x000001f2f7e632c0
Event: 84.882 Thread 0x000001f2ed1d6760 Thread added: 0x000001f2f7e632c0
Event: 85.042 Thread 0x000001f2f7e632c0 Thread exited: 0x000001f2f7e632c0
Event: 85.070 Thread 0x000001f2ed1d6760 Thread added: 0x000001f2f7e632c0
Event: 85.735 Thread 0x000001f2f7e632c0 Thread exited: 0x000001f2f7e632c0
Event: 86.011 Thread 0x000001f2ed1d6760 Thread added: 0x000001f2f7e676e0
Event: 86.032 Thread 0x000001f2ed1d6760 Thread added: 0x000001f2f7e67db0
Event: 86.285 Thread 0x000001f2f7e67db0 Thread exited: 0x000001f2f7e67db0
Event: 86.295 Thread 0x000001f2f7e676e0 Thread exited: 0x000001f2f7e676e0
Event: 86.912 Thread 0x000001f2ed1d6760 Thread added: 0x000001f2f7e676e0
Event: 86.929 Thread 0x000001f2ed1d6760 Thread added: 0x000001f2f7e698f0
Event: 87.401 Thread 0x000001f2f7e698f0 Thread exited: 0x000001f2f7e698f0


Dynamic libraries:
0x00007ff602e30000 - 0x00007ff602e3e000 	c:\Users\user\.vscode\extensions\redhat.java-1.44.0-win32-x64\jre\21.0.8-win32-x86_64\bin\java.exe
0x00007ff8a1ec0000 - 0x00007ff8a2127000 	C:\WINDOWS\SYSTEM32\ntdll.dll
0x00007ff8a0b30000 - 0x00007ff8a0bf9000 	C:\WINDOWS\System32\KERNEL32.DLL
0x00007ff89f370000 - 0x00007ff89f760000 	C:\WINDOWS\System32\KERNELBASE.dll
0x00007ff89f220000 - 0x00007ff89f36b000 	C:\WINDOWS\System32\ucrtbase.dll
0x00007ff898810000 - 0x00007ff898828000 	c:\Users\user\.vscode\extensions\redhat.java-1.44.0-win32-x64\jre\21.0.8-win32-x86_64\bin\jli.dll
0x00007ff8a01c0000 - 0x00007ff8a0385000 	C:\WINDOWS\System32\USER32.dll
0x00007ff89f9b0000 - 0x00007ff89f9d7000 	C:\WINDOWS\System32\win32u.dll
0x00007ff8a12c0000 - 0x00007ff8a12eb000 	C:\WINDOWS\System32\GDI32.dll
0x00007ff89fa80000 - 0x00007ff89fbb8000 	C:\WINDOWS\System32\gdi32full.dll
0x00007ff89f170000 - 0x00007ff89f213000 	C:\WINDOWS\System32\msvcp_win.dll
0x00007ff887320000 - 0x00007ff8875ba000 	C:\WINDOWS\WinSxS\amd64_microsoft.windows.common-controls_6595b64144ccf1df_6.0.26100.4768_none_3e0c112ce331287c\COMCTL32.dll
0x00007ff899bc0000 - 0x00007ff899bde000 	c:\Users\user\.vscode\extensions\redhat.java-1.44.0-win32-x64\jre\21.0.8-win32-x86_64\bin\VCRUNTIME140.dll
0x00007ff8a1510000 - 0x00007ff8a15b9000 	C:\WINDOWS\System32\msvcrt.dll
0x00007ff8a1e40000 - 0x00007ff8a1e6f000 	C:\WINDOWS\System32\IMM32.DLL
0x00007ff89ba40000 - 0x00007ff89ba4c000 	c:\Users\user\.vscode\extensions\redhat.java-1.44.0-win32-x64\jre\21.0.8-win32-x86_64\bin\vcruntime140_1.dll
0x00007ff83b060000 - 0x00007ff83b0ed000 	c:\Users\user\.vscode\extensions\redhat.java-1.44.0-win32-x64\jre\21.0.8-win32-x86_64\bin\msvcp140.dll
0x00007ff815fa0000 - 0x00007ff816d37000 	c:\Users\user\.vscode\extensions\redhat.java-1.44.0-win32-x64\jre\21.0.8-win32-x86_64\bin\server\jvm.dll
0x00007ff8a1200000 - 0x00007ff8a12b4000 	C:\WINDOWS\System32\ADVAPI32.dll
0x00007ff8a0890000 - 0x00007ff8a0936000 	C:\WINDOWS\System32\sechost.dll
0x00007ff8a13f0000 - 0x00007ff8a1508000 	C:\WINDOWS\System32\RPCRT4.dll
0x00007ff8a04d0000 - 0x00007ff8a0544000 	C:\WINDOWS\System32\WS2_32.dll
0x00007ff89ee50000 - 0x00007ff89eeae000 	C:\WINDOWS\SYSTEM32\POWRPROF.dll
0x00007ff888190000 - 0x00007ff8881c5000 	C:\WINDOWS\SYSTEM32\WINMM.dll
0x00007ff88e5f0000 - 0x00007ff88e5fb000 	C:\WINDOWS\SYSTEM32\VERSION.dll
0x00007ff89ee30000 - 0x00007ff89ee44000 	C:\WINDOWS\SYSTEM32\UMPDC.dll
0x00007ff89dd00000 - 0x00007ff89dd1b000 	C:\WINDOWS\SYSTEM32\kernel.appcore.dll
0x00007ff898270000 - 0x00007ff89827a000 	c:\Users\user\.vscode\extensions\redhat.java-1.44.0-win32-x64\jre\21.0.8-win32-x86_64\bin\jimage.dll
0x00007ff89c6b0000 - 0x00007ff89c8f1000 	C:\WINDOWS\SYSTEM32\DBGHELP.DLL
0x00007ff89fc60000 - 0x00007ff89ffe5000 	C:\WINDOWS\System32\combase.dll
0x00007ff8a05d0000 - 0x00007ff8a06b0000 	C:\WINDOWS\System32\OLEAUT32.dll
0x00007ff8841c0000 - 0x00007ff884203000 	C:\WINDOWS\SYSTEM32\dbgcore.DLL
0x00007ff89f9e0000 - 0x00007ff89fa79000 	C:\WINDOWS\System32\bcryptPrimitives.dll
0x00007ff896740000 - 0x00007ff89674f000 	c:\Users\user\.vscode\extensions\redhat.java-1.44.0-win32-x64\jre\21.0.8-win32-x86_64\bin\instrument.dll
0x00007ff896700000 - 0x00007ff89671f000 	c:\Users\user\.vscode\extensions\redhat.java-1.44.0-win32-x64\jre\21.0.8-win32-x86_64\bin\java.dll
0x00007ff8a16f0000 - 0x00007ff8a1e3d000 	C:\WINDOWS\System32\SHELL32.dll
0x00007ff89eff0000 - 0x00007ff89f163000 	C:\WINDOWS\System32\wintypes.dll
0x00007ff89cb80000 - 0x00007ff89d3e0000 	C:\WINDOWS\SYSTEM32\windows.storage.dll
0x00007ff8a12f0000 - 0x00007ff8a13e5000 	C:\WINDOWS\System32\SHCORE.dll
0x00007ff8a0560000 - 0x00007ff8a05ca000 	C:\WINDOWS\System32\shlwapi.dll
0x00007ff89ef10000 - 0x00007ff89ef39000 	C:\WINDOWS\SYSTEM32\profapi.dll
0x00007ff891410000 - 0x00007ff891428000 	c:\Users\user\.vscode\extensions\redhat.java-1.44.0-win32-x64\jre\21.0.8-win32-x86_64\bin\zip.dll
0x00007ff891400000 - 0x00007ff891410000 	C:\Users\user\.vscode\extensions\redhat.java-1.44.0-win32-x64\jre\21.0.8-win32-x86_64\bin\net.dll
0x00007ff895ed0000 - 0x00007ff895fee000 	C:\WINDOWS\SYSTEM32\WINHTTP.dll
0x00007ff89e270000 - 0x00007ff89e2db000 	C:\WINDOWS\system32\mswsock.dll
0x00007ff87d4d0000 - 0x00007ff87d4e6000 	C:\Users\user\.vscode\extensions\redhat.java-1.44.0-win32-x64\jre\21.0.8-win32-x86_64\bin\nio.dll
0x00007ff88ed80000 - 0x00007ff88ed90000 	c:\Users\user\.vscode\extensions\redhat.java-1.44.0-win32-x64\jre\21.0.8-win32-x86_64\bin\verify.dll
0x00007ff83b940000 - 0x00007ff83b985000 	C:\Users\user\AppData\Roaming\Code\User\globalStorage\redhat.java\1.44.0\config_win\org.eclipse.equinox.launcher\org.eclipse.equinox.launcher.win32.win32.x86_64_1.2.1400.v20250730-1736\eclipse_11913.dll
0x00007ff89fff0000 - 0x00007ff8a0190000 	C:\WINDOWS\System32\ole32.dll
0x00007ff89e650000 - 0x00007ff89e66b000 	C:\WINDOWS\SYSTEM32\CRYPTSP.dll
0x00007ff89dc60000 - 0x00007ff89dc9b000 	C:\WINDOWS\system32\rsaenh.dll
0x00007ff89e310000 - 0x00007ff89e33b000 	C:\WINDOWS\SYSTEM32\USERENV.dll
0x00007ff89eee0000 - 0x00007ff89ef06000 	C:\WINDOWS\SYSTEM32\bcrypt.dll
0x00007ff89e4b0000 - 0x00007ff89e4bc000 	C:\WINDOWS\SYSTEM32\CRYPTBASE.dll
0x00007ff89d7a0000 - 0x00007ff89d7d3000 	C:\WINDOWS\SYSTEM32\IPHLPAPI.DLL
0x00007ff8a0550000 - 0x00007ff8a055a000 	C:\WINDOWS\System32\NSI.dll
0x00007ff83a6e0000 - 0x00007ff83a729000 	C:\Users\user\AppData\Local\Temp\jna-3599307\jna3246836992626471210.dll
0x00007ff8a04c0000 - 0x00007ff8a04c8000 	C:\WINDOWS\System32\PSAPI.DLL
0x00007ff898710000 - 0x00007ff89872f000 	C:\WINDOWS\SYSTEM32\dhcpcsvc6.DLL
0x00007ff8963e0000 - 0x00007ff896405000 	C:\WINDOWS\SYSTEM32\dhcpcsvc.DLL

JVMTI agents:
c:\Users\user\.vscode\extensions\redhat.java-1.44.0-win32-x64\lombok\lombok-1.18.39-4050.jar path:c:\Users\user\.vscode\extensions\redhat.java-1.44.0-win32-x64\jre\21.0.8-win32-x86_64\bin\instrument.dll, loaded, initialized, instrumentlib options:none

dbghelp: loaded successfully - version: 4.0.5 - missing functions: none
symbol engine: initialized successfully - sym options: 0x614 - pdb path: .;c:\Users\user\.vscode\extensions\redhat.java-1.44.0-win32-x64\jre\21.0.8-win32-x86_64\bin;C:\WINDOWS\SYSTEM32;C:\WINDOWS\WinSxS\amd64_microsoft.windows.common-controls_6595b64144ccf1df_6.0.26100.4768_none_3e0c112ce331287c;c:\Users\user\.vscode\extensions\redhat.java-1.44.0-win32-x64\jre\21.0.8-win32-x86_64\bin\server;C:\Users\user\AppData\Roaming\Code\User\globalStorage\redhat.java\1.44.0\config_win\org.eclipse.equinox.launcher\org.eclipse.equinox.launcher.win32.win32.x86_64_1.2.1400.v20250730-1736;C:\Users\user\AppData\Local\Temp\jna-3599307

VM Arguments:
jvm_args: --add-modules=ALL-SYSTEM --add-opens=java.base/java.util=ALL-UNNAMED --add-opens=java.base/java.lang=ALL-UNNAMED --add-opens=java.base/sun.nio.fs=ALL-UNNAMED -Declipse.application=org.eclipse.jdt.ls.core.id1 -Dosgi.bundles.defaultStartLevel=4 -Declipse.product=org.eclipse.jdt.ls.core.product -Djava.import.generatesMetadataFilesAtProjectRoot=false -DDetectVMInstallationsJob.disabled=true -Dfile.encoding=utf8 -XX:+UseParallelGC -XX:GCTimeRatio=4 -XX:AdaptiveSizePolicyWeight=90 -Dsun.zip.disableMemoryMapping=true -Xmx2G -Xms100m -Xlog:disable -javaagent:c:\Users\user\.vscode\extensions\redhat.java-1.44.0-win32-x64\lombok\lombok-1.18.39-4050.jar -XX:+HeapDumpOnOutOfMemoryError -XX:HeapDumpPath=c:\Users\user\AppData\Roaming\Code\User\workspaceStorage\67c907b24025bc3e49e0e7e52a19d49d\redhat.java -Daether.dependencyCollector.impl=bf 
java_command: c:\Users\user\.vscode\extensions\redhat.java-1.44.0-win32-x64\server\plugins\org.eclipse.equinox.launcher_1.7.0.v20250519-0528.jar -configuration c:\Users\user\AppData\Roaming\Code\User\globalStorage\redhat.java\1.44.0\config_win -data c:\Users\user\AppData\Roaming\Code\User\workspaceStorage\67c907b24025bc3e49e0e7e52a19d49d\redhat.java\jdt_ws --pipe=\\.\pipe\lsp-1adb0134d2927300513c001477480b85-sock
java_class_path (initial): c:\Users\user\.vscode\extensions\redhat.java-1.44.0-win32-x64\server\plugins\org.eclipse.equinox.launcher_1.7.0.v20250519-0528.jar
Launcher Type: SUN_STANDARD

[Global flags]
    uintx AdaptiveSizePolicyWeight                 = 90                                        {product} {command line}
     intx CICompilerCount                          = 4                                         {product} {ergonomic}
    uintx GCTimeRatio                              = 4                                         {product} {command line}
     bool HeapDumpOnOutOfMemoryError               = true                                   {manageable} {command line}
    ccstr HeapDumpPath                             = c:\Users\user\AppData\Roaming\Code\User\workspaceStorage\67c907b24025bc3e49e0e7e52a19d49d\redhat.java         {manageable} {command line}
   size_t InitialHeapSize                          = 104857600                                 {product} {command line}
   size_t MaxHeapSize                              = 2147483648                                {product} {command line}
   size_t MaxNewSize                               = 715653120                                 {product} {ergonomic}
   size_t MinHeapDeltaBytes                        = 524288                                    {product} {ergonomic}
   size_t MinHeapSize                              = 104857600                                 {product} {command line}
   size_t NewSize                                  = 34603008                                  {product} {ergonomic}
    uintx NonNMethodCodeHeapSize                   = 5839372                                {pd product} {ergonomic}
    uintx NonProfiledCodeHeapSize                  = 122909434                              {pd product} {ergonomic}
   size_t OldSize                                  = 70254592                                  {product} {ergonomic}
    uintx ProfiledCodeHeapSize                     = 122909434                              {pd product} {ergonomic}
    uintx ReservedCodeCacheSize                    = 251658240                              {pd product} {ergonomic}
     bool SegmentedCodeCache                       = true                                      {product} {ergonomic}
   size_t SoftMaxHeapSize                          = 2147483648                             {manageable} {ergonomic}
     bool UseCompressedOops                        = true                           {product lp64_product} {ergonomic}
     bool UseLargePagesIndividualAllocation        = false                                  {pd product} {ergonomic}
     bool UseParallelGC                            = true                                      {product} {command line}

Logging:
Log output configuration:
 #0: stdout all=off uptime,level,tags foldmultilines=false
 #1: stderr all=off uptime,level,tags foldmultilines=false

Environment Variables:
JAVA_HOME=C:\Program Files\Java\jdk-21
PATH=C:\Program Files\Java\jdk-21\bin;C:\Program Files\Common Files\Oracle\Java\javapath;C:\Program Files (x86)\Common Files\Oracle\Java\java8path;C:\Program Files (x86)\Common Files\Oracle\Java\javapath;C:\WINDOWS\system32;C:\WINDOWS;C:\WINDOWS\System32\Wbem;C:\WINDOWS\System32\WindowsPowerShell\v1.0\;C:\WINDOWS\System32\OpenSSH\;C:\Program Files\Microsoft SQL Server\Client SDK\ODBC\110\Tools\Binn\;C:\ProgramData\chocolatey\bin;D:\Git\cmd;C:\Program Files\Java\jdk-20\bin;C:\Program Files\Docker\Docker\resources\bin;C:\Program Files\Microsoft SQL Server\Client SDK\ODBC\170\Tools\Binn\;C:\sqlite3;C:\Program Files (x86)\Microsoft SQL Server\160\Tools\Binn\;C:\Program Files\Microsoft SQL Server\160\Tools\Binn\;C:\Program Files\Microsoft SQL Server\160\DTS\Binn\;C:\Program Files\dotnet\;C:\Python311;C:\ProgramData\ComposerSetup\bin;D:\nodejs\;C:\Program Files\Amazon\AWSCLIV2\;C:\WINDOWS\system32;C:\WINDOWS;C:\WINDOWS\System32\Wbem;C:\WINDOWS\System32\WindowsPowerShell\v1.0\;C:\WINDOWS\System32\OpenSSH\;C:\Program Files\Maven\apache-maven-3.9.10\bin;C:\Program Files\Microsoft SQL Server\120\DTS\Binn\;C:\Program Files (x86)\Microsoft SQL Server\120\Tools\Binn\;C:\Program Files\Microsoft SQL Server\120\Tools\Binn\;C:\Program Files (x86)\Microsoft SQL Server\120\Tools\Binn\ManagementStudio\;C:\Program Files (x86)\Microsoft SQL Server\120\DTS\Binn\;C:\Program Files (x86)\Microsoft SQL Server\160\DTS\Binn\;C:\Program Files\Azure Data Studio\bin;C:\Users\user\AppData\Local\Programs\Python\Python313\Scripts\;C:\Users\user\AppData\Local\Programs\Python\Python313\;C:\Users\user\AppData\Local\Programs\Python\Launcher\;C:\Users\user\AppData\Local\Microsoft\WindowsApps;C:\Users\user\.dotnet\tools;D:\XAMPP\php;C:\Users\user\AppData\Roaming\Composer\vendor\bin;C:\Users\user\Scripts;C:\Users\user\AppData\Roaming\npm;C:\Users\user\AppData\Local\Programs\Microsoft VS Code\bin;C:\Program Files\Azure Data Studio\bin
USERNAME=user
OS=Windows_NT
PROCESSOR_IDENTIFIER=Intel64 Family 6 Model 142 Stepping 12, GenuineIntel
TMP=C:\Users\user\AppData\Local\Temp
TEMP=C:\Users\user\AppData\Local\Temp




Periodic native trim disabled

---------------  S Y S T E M  ---------------

OS:
 Windows 11 , 64 bit Build 26100 (10.0.26100.4768)
OS uptime: 11 days 10:53 hours
Hyper-V role detected

CPU: total 8 (initial active 8) (4 cores per cpu, 2 threads per core) family 6 model 142 stepping 12 microcode 0xf4, cx8, cmov, fxsr, ht, mmx, 3dnowpref, sse, sse2, sse3, ssse3, sse4.1, sse4.2, popcnt, lzcnt, tsc, tscinvbit, avx, avx2, aes, erms, clmul, bmi1, bmi2, adx, fma, vzeroupper, clflush, clflushopt, hv, rdtscp, f16c
Processor Information for the first 8 processors :
  Max Mhz: 2112, Current Mhz: 1609, Mhz Limit: 1605

Memory: 4k page, system-wide physical 8025M (1004M free)
TotalPageFile size 12121M (AvailPageFile size 17M)
current process WorkingSet (physical memory assigned to process): 1278M, peak: 1278M
current process commit charge ("private bytes"): 1232M, peak: 1674M

vm_info: OpenJDK 64-Bit Server VM (21.0.8+9-LTS) for windows-amd64 JRE (21.0.8+9-LTS), built on 2025-07-15T00:00:00Z by "admin" with MS VC++ 17.7 (VS2022)

END.
